2024-09-24 01:38:53,162 [Worker-5: Loading available Gradle versions] INFO  o.e.b.c.i.u.g.PublishedGradleVersions - Gradle version information cache is up-to-date. Trying to read.
2024-09-24 01:46:22,252 [ModalContext] INFO  o.e.m.c.i.e.AbstractTransferListenerAdapter - Downloading https://repo.maven.apache.org/maven2/org/apache/maven/archetypes/maven-archetype-simple/1.5/maven-archetype-simple-1.5.pom
2024-09-24 01:46:22,339 [ModalContext] INFO  o.e.m.c.i.e.AbstractTransferListenerAdapter - Downloaded https://repo.maven.apache.org/maven2/org/apache/maven/archetypes/maven-archetype-simple/1.5/maven-archetype-simple-1.5.pom
2024-09-24 01:46:22,486 [ModalContext] INFO  o.e.m.c.i.e.AbstractTransferListenerAdapter - Downloading https://repo.maven.apache.org/maven2/org/apache/maven/archetypes/maven-archetype-bundles/1.5/maven-archetype-bundles-1.5.pom
2024-09-24 01:46:22,578 [ModalContext] INFO  o.e.m.c.i.e.AbstractTransferListenerAdapter - Downloaded https://repo.maven.apache.org/maven2/org/apache/maven/archetypes/maven-archetype-bundles/1.5/maven-archetype-bundles-1.5.pom
2024-09-24 01:46:22,636 [ModalContext] INFO  o.e.m.c.i.e.AbstractTransferListenerAdapter - Downloading https://repo.maven.apache.org/maven2/org/apache/maven/maven-parent/43/maven-parent-43.pom
2024-09-24 01:46:22,754 [ModalContext] INFO  o.e.m.c.i.e.AbstractTransferListenerAdapter - Downloaded https://repo.maven.apache.org/maven2/org/apache/maven/maven-parent/43/maven-parent-43.pom
2024-09-24 01:46:22,859 [ModalContext] INFO  o.e.m.c.i.e.AbstractTransferListenerAdapter - Downloading https://repo.maven.apache.org/maven2/org/apache/apache/33/apache-33.pom
2024-09-24 01:46:22,973 [ModalContext] INFO  o.e.m.c.i.e.AbstractTransferListenerAdapter - Downloaded https://repo.maven.apache.org/maven2/org/apache/apache/33/apache-33.pom
2024-09-24 01:46:23,186 [ModalContext] INFO  o.e.m.c.i.e.AbstractTransferListenerAdapter - Downloading https://repo.maven.apache.org/maven2/org/junit/junit-bom/5.10.3/junit-bom-5.10.3.pom
2024-09-24 01:46:23,269 [ModalContext] INFO  o.e.m.c.i.e.AbstractTransferListenerAdapter - Downloaded https://repo.maven.apache.org/maven2/org/junit/junit-bom/5.10.3/junit-bom-5.10.3.pom
2024-09-24 01:46:23,395 [ModalContext] INFO  o.e.m.c.i.e.AbstractTransferListenerAdapter - Downloading https://repo.maven.apache.org/maven2/org/apache/maven/archetypes/maven-archetype-simple/1.5/maven-archetype-simple-1.5.jar
2024-09-24 01:46:23,846 [ModalContext] INFO  o.e.m.c.i.e.AbstractTransferListenerAdapter - Downloaded https://repo.maven.apache.org/maven2/org/apache/maven/archetypes/maven-archetype-simple/1.5/maven-archetype-simple-1.5.jar
2024-09-24 01:52:23,212 [Worker-23: Launching mavenrun-ce3056de-e2da-447e-a09c-0fbe565401ab] INFO  o.eclipse.m2e.core.internal.Bundles - getClasspathEntries(Bundle=org.eclipse.m2e.maven.runtime_3.9.900.20240824-1409 [643])
2024-09-24 01:52:23,216 [Worker-23: Launching mavenrun-ce3056de-e2da-447e-a09c-0fbe565401ab] INFO  o.eclipse.m2e.core.internal.Bundles - 	Entry: C:\Users\USER\Downloads\eclipse-jee-2024-09-R-win32-x86_64\eclipse\plugins\org.eclipse.m2e.maven.runtime_3.9.900.20240824-1409
2024-09-24 01:52:23,216 [Worker-23: Launching mavenrun-ce3056de-e2da-447e-a09c-0fbe565401ab] INFO  o.eclipse.m2e.core.internal.Bundles - 	Entry: C:\Users\USER\Downloads\eclipse-jee-2024-09-R-win32-x86_64\eclipse\plugins\org.eclipse.m2e.maven.runtime_3.9.900.20240824-1409\jars\aopalliance-1.0.jar
2024-09-24 01:52:23,216 [Worker-23: Launching mavenrun-ce3056de-e2da-447e-a09c-0fbe565401ab] INFO  o.eclipse.m2e.core.internal.Bundles - 	Entry: C:\Users\USER\Downloads\eclipse-jee-2024-09-R-win32-x86_64\eclipse\plugins\org.eclipse.m2e.maven.runtime_3.9.900.20240824-1409\jars\guice-5.1.0.jar
2024-09-24 01:52:23,216 [Worker-23: Launching mavenrun-ce3056de-e2da-447e-a09c-0fbe565401ab] INFO  o.eclipse.m2e.core.internal.Bundles - 	Entry: C:\Users\USER\Downloads\eclipse-jee-2024-09-R-win32-x86_64\eclipse\plugins\org.eclipse.m2e.maven.runtime_3.9.900.20240824-1409\jars\httpclient-4.5.14.jar
2024-09-24 01:52:23,216 [Worker-23: Launching mavenrun-ce3056de-e2da-447e-a09c-0fbe565401ab] INFO  o.eclipse.m2e.core.internal.Bundles - 	Entry: C:\Users\USER\Downloads\eclipse-jee-2024-09-R-win32-x86_64\eclipse\plugins\org.eclipse.m2e.maven.runtime_3.9.900.20240824-1409\jars\httpcore-4.4.16.jar
2024-09-24 01:52:23,216 [Worker-23: Launching mavenrun-ce3056de-e2da-447e-a09c-0fbe565401ab] INFO  o.eclipse.m2e.core.internal.Bundles - 	Entry: C:\Users\USER\Downloads\eclipse-jee-2024-09-R-win32-x86_64\eclipse\plugins\org.eclipse.m2e.maven.runtime_3.9.900.20240824-1409\jars\jansi-2.4.1.jar
2024-09-24 01:52:23,216 [Worker-23: Launching mavenrun-ce3056de-e2da-447e-a09c-0fbe565401ab] INFO  o.eclipse.m2e.core.internal.Bundles - 	Entry: C:\Users\USER\Downloads\eclipse-jee-2024-09-R-win32-x86_64\eclipse\plugins\org.eclipse.m2e.maven.runtime_3.9.900.20240824-1409\jars\jcl-over-slf4j-1.7.36.jar
2024-09-24 01:52:23,216 [Worker-23: Launching mavenrun-ce3056de-e2da-447e-a09c-0fbe565401ab] INFO  o.eclipse.m2e.core.internal.Bundles - 	Entry: C:\Users\USER\Downloads\eclipse-jee-2024-09-R-win32-x86_64\eclipse\plugins\org.eclipse.m2e.maven.runtime_3.9.900.20240824-1409\jars\maven-artifact-3.9.9.jar
2024-09-24 01:52:23,216 [Worker-23: Launching mavenrun-ce3056de-e2da-447e-a09c-0fbe565401ab] INFO  o.eclipse.m2e.core.internal.Bundles - 	Entry: C:\Users\USER\Downloads\eclipse-jee-2024-09-R-win32-x86_64\eclipse\plugins\org.eclipse.m2e.maven.runtime_3.9.900.20240824-1409\jars\maven-builder-support-3.9.9.jar
2024-09-24 01:52:23,221 [Worker-23: Launching mavenrun-ce3056de-e2da-447e-a09c-0fbe565401ab] INFO  o.eclipse.m2e.core.internal.Bundles - 	Entry: C:\Users\USER\Downloads\eclipse-jee-2024-09-R-win32-x86_64\eclipse\plugins\org.eclipse.m2e.maven.runtime_3.9.900.20240824-1409\jars\maven-compat-3.9.9.jar
2024-09-24 01:52:23,221 [Worker-23: Launching mavenrun-ce3056de-e2da-447e-a09c-0fbe565401ab] INFO  o.eclipse.m2e.core.internal.Bundles - 	Entry: C:\Users\USER\Downloads\eclipse-jee-2024-09-R-win32-x86_64\eclipse\plugins\org.eclipse.m2e.maven.runtime_3.9.900.20240824-1409\jars\maven-core-3.9.9.jar
2024-09-24 01:52:23,221 [Worker-23: Launching mavenrun-ce3056de-e2da-447e-a09c-0fbe565401ab] INFO  o.eclipse.m2e.core.internal.Bundles - 	Entry: C:\Users\USER\Downloads\eclipse-jee-2024-09-R-win32-x86_64\eclipse\plugins\org.eclipse.m2e.maven.runtime_3.9.900.20240824-1409\jars\maven-embedder-3.9.9.jar
2024-09-24 01:52:23,222 [Worker-23: Launching mavenrun-ce3056de-e2da-447e-a09c-0fbe565401ab] INFO  o.eclipse.m2e.core.internal.Bundles - 	Entry: C:\Users\USER\Downloads\eclipse-jee-2024-09-R-win32-x86_64\eclipse\plugins\org.eclipse.m2e.maven.runtime_3.9.900.20240824-1409\jars\maven-model-3.9.9.jar
2024-09-24 01:52:23,222 [Worker-23: Launching mavenrun-ce3056de-e2da-447e-a09c-0fbe565401ab] INFO  o.eclipse.m2e.core.internal.Bundles - 	Entry: C:\Users\USER\Downloads\eclipse-jee-2024-09-R-win32-x86_64\eclipse\plugins\org.eclipse.m2e.maven.runtime_3.9.900.20240824-1409\jars\maven-model-builder-3.9.9.jar
2024-09-24 01:52:23,222 [Worker-23: Launching mavenrun-ce3056de-e2da-447e-a09c-0fbe565401ab] INFO  o.eclipse.m2e.core.internal.Bundles - 	Entry: C:\Users\USER\Downloads\eclipse-jee-2024-09-R-win32-x86_64\eclipse\plugins\org.eclipse.m2e.maven.runtime_3.9.900.20240824-1409\jars\maven-plugin-api-3.9.9.jar
2024-09-24 01:52:23,222 [Worker-23: Launching mavenrun-ce3056de-e2da-447e-a09c-0fbe565401ab] INFO  o.eclipse.m2e.core.internal.Bundles - 	Entry: C:\Users\USER\Downloads\eclipse-jee-2024-09-R-win32-x86_64\eclipse\plugins\org.eclipse.m2e.maven.runtime_3.9.900.20240824-1409\jars\maven-repository-metadata-3.9.9.jar
2024-09-24 01:52:23,222 [Worker-23: Launching mavenrun-ce3056de-e2da-447e-a09c-0fbe565401ab] INFO  o.eclipse.m2e.core.internal.Bundles - 	Entry: C:\Users\USER\Downloads\eclipse-jee-2024-09-R-win32-x86_64\eclipse\plugins\org.eclipse.m2e.maven.runtime_3.9.900.20240824-1409\jars\maven-resolver-api-1.9.22.jar
2024-09-24 01:52:23,222 [Worker-23: Launching mavenrun-ce3056de-e2da-447e-a09c-0fbe565401ab] INFO  o.eclipse.m2e.core.internal.Bundles - 	Entry: C:\Users\USER\Downloads\eclipse-jee-2024-09-R-win32-x86_64\eclipse\plugins\org.eclipse.m2e.maven.runtime_3.9.900.20240824-1409\jars\maven-resolver-connector-basic-1.9.22.jar
2024-09-24 01:52:23,222 [Worker-23: Launching mavenrun-ce3056de-e2da-447e-a09c-0fbe565401ab] INFO  o.eclipse.m2e.core.internal.Bundles - 	Entry: C:\Users\USER\Downloads\eclipse-jee-2024-09-R-win32-x86_64\eclipse\plugins\org.eclipse.m2e.maven.runtime_3.9.900.20240824-1409\jars\maven-resolver-impl-1.9.22.jar
2024-09-24 01:52:23,222 [Worker-23: Launching mavenrun-ce3056de-e2da-447e-a09c-0fbe565401ab] INFO  o.eclipse.m2e.core.internal.Bundles - 	Entry: C:\Users\USER\Downloads\eclipse-jee-2024-09-R-win32-x86_64\eclipse\plugins\org.eclipse.m2e.maven.runtime_3.9.900.20240824-1409\jars\maven-resolver-named-locks-1.9.22.jar
2024-09-24 01:52:23,224 [Worker-23: Launching mavenrun-ce3056de-e2da-447e-a09c-0fbe565401ab] INFO  o.eclipse.m2e.core.internal.Bundles - 	Entry: C:\Users\USER\Downloads\eclipse-jee-2024-09-R-win32-x86_64\eclipse\plugins\org.eclipse.m2e.maven.runtime_3.9.900.20240824-1409\jars\maven-resolver-provider-3.9.9.jar
2024-09-24 01:52:23,224 [Worker-23: Launching mavenrun-ce3056de-e2da-447e-a09c-0fbe565401ab] INFO  o.eclipse.m2e.core.internal.Bundles - 	Entry: C:\Users\USER\Downloads\eclipse-jee-2024-09-R-win32-x86_64\eclipse\plugins\org.eclipse.m2e.maven.runtime_3.9.900.20240824-1409\jars\maven-resolver-spi-1.9.22.jar
2024-09-24 01:52:23,224 [Worker-23: Launching mavenrun-ce3056de-e2da-447e-a09c-0fbe565401ab] INFO  o.eclipse.m2e.core.internal.Bundles - 	Entry: C:\Users\USER\Downloads\eclipse-jee-2024-09-R-win32-x86_64\eclipse\plugins\org.eclipse.m2e.maven.runtime_3.9.900.20240824-1409\jars\maven-resolver-transport-file-1.9.22.jar
2024-09-24 01:52:23,224 [Worker-23: Launching mavenrun-ce3056de-e2da-447e-a09c-0fbe565401ab] INFO  o.eclipse.m2e.core.internal.Bundles - 	Entry: C:\Users\USER\Downloads\eclipse-jee-2024-09-R-win32-x86_64\eclipse\plugins\org.eclipse.m2e.maven.runtime_3.9.900.20240824-1409\jars\maven-resolver-transport-http-1.9.22.jar
2024-09-24 01:52:23,224 [Worker-23: Launching mavenrun-ce3056de-e2da-447e-a09c-0fbe565401ab] INFO  o.eclipse.m2e.core.internal.Bundles - 	Entry: C:\Users\USER\Downloads\eclipse-jee-2024-09-R-win32-x86_64\eclipse\plugins\org.eclipse.m2e.maven.runtime_3.9.900.20240824-1409\jars\maven-resolver-transport-wagon-1.9.22.jar
2024-09-24 01:52:23,224 [Worker-23: Launching mavenrun-ce3056de-e2da-447e-a09c-0fbe565401ab] INFO  o.eclipse.m2e.core.internal.Bundles - 	Entry: C:\Users\USER\Downloads\eclipse-jee-2024-09-R-win32-x86_64\eclipse\plugins\org.eclipse.m2e.maven.runtime_3.9.900.20240824-1409\jars\maven-resolver-util-1.9.22.jar
2024-09-24 01:52:23,224 [Worker-23: Launching mavenrun-ce3056de-e2da-447e-a09c-0fbe565401ab] INFO  o.eclipse.m2e.core.internal.Bundles - 	Entry: C:\Users\USER\Downloads\eclipse-jee-2024-09-R-win32-x86_64\eclipse\plugins\org.eclipse.m2e.maven.runtime_3.9.900.20240824-1409\jars\maven-settings-3.9.9.jar
2024-09-24 01:52:23,224 [Worker-23: Launching mavenrun-ce3056de-e2da-447e-a09c-0fbe565401ab] INFO  o.eclipse.m2e.core.internal.Bundles - 	Entry: C:\Users\USER\Downloads\eclipse-jee-2024-09-R-win32-x86_64\eclipse\plugins\org.eclipse.m2e.maven.runtime_3.9.900.20240824-1409\jars\maven-settings-builder-3.9.9.jar
2024-09-24 01:52:23,224 [Worker-23: Launching mavenrun-ce3056de-e2da-447e-a09c-0fbe565401ab] INFO  o.eclipse.m2e.core.internal.Bundles - 	Entry: C:\Users\USER\Downloads\eclipse-jee-2024-09-R-win32-x86_64\eclipse\plugins\org.eclipse.m2e.maven.runtime_3.9.900.20240824-1409\jars\maven-shared-utils-3.4.2.jar
2024-09-24 01:52:23,224 [Worker-23: Launching mavenrun-ce3056de-e2da-447e-a09c-0fbe565401ab] INFO  o.eclipse.m2e.core.internal.Bundles - 	Entry: C:\Users\USER\Downloads\eclipse-jee-2024-09-R-win32-x86_64\eclipse\plugins\org.eclipse.m2e.maven.runtime_3.9.900.20240824-1409\jars\org.eclipse.sisu.inject-0.9.0.M3.jar
2024-09-24 01:52:23,224 [Worker-23: Launching mavenrun-ce3056de-e2da-447e-a09c-0fbe565401ab] INFO  o.eclipse.m2e.core.internal.Bundles - 	Entry: C:\Users\USER\Downloads\eclipse-jee-2024-09-R-win32-x86_64\eclipse\plugins\org.eclipse.m2e.maven.runtime_3.9.900.20240824-1409\jars\org.eclipse.sisu.plexus-0.9.0.M3.jar
2024-09-24 01:52:23,228 [Worker-23: Launching mavenrun-ce3056de-e2da-447e-a09c-0fbe565401ab] INFO  o.eclipse.m2e.core.internal.Bundles - 	Entry: C:\Users\USER\Downloads\eclipse-jee-2024-09-R-win32-x86_64\eclipse\plugins\org.eclipse.m2e.maven.runtime_3.9.900.20240824-1409\jars\plexus-build-api-0.0.7.jar
2024-09-24 01:52:23,228 [Worker-23: Launching mavenrun-ce3056de-e2da-447e-a09c-0fbe565401ab] INFO  o.eclipse.m2e.core.internal.Bundles - 	Entry: C:\Users\USER\Downloads\eclipse-jee-2024-09-R-win32-x86_64\eclipse\plugins\org.eclipse.m2e.maven.runtime_3.9.900.20240824-1409\jars\plexus-build-api-1.2.0.jar
2024-09-24 01:52:23,228 [Worker-23: Launching mavenrun-ce3056de-e2da-447e-a09c-0fbe565401ab] INFO  o.eclipse.m2e.core.internal.Bundles - 	Entry: C:\Users\USER\Downloads\eclipse-jee-2024-09-R-win32-x86_64\eclipse\plugins\org.eclipse.m2e.maven.runtime_3.9.900.20240824-1409\jars\plexus-cipher-2.0.jar
2024-09-24 01:52:23,228 [Worker-23: Launching mavenrun-ce3056de-e2da-447e-a09c-0fbe565401ab] INFO  o.eclipse.m2e.core.internal.Bundles - 	Entry: C:\Users\USER\Downloads\eclipse-jee-2024-09-R-win32-x86_64\eclipse\plugins\org.eclipse.m2e.maven.runtime_3.9.900.20240824-1409\jars\plexus-classworlds-2.8.0.jar
2024-09-24 01:52:23,228 [Worker-23: Launching mavenrun-ce3056de-e2da-447e-a09c-0fbe565401ab] INFO  o.eclipse.m2e.core.internal.Bundles - 	Entry: C:\Users\USER\Downloads\eclipse-jee-2024-09-R-win32-x86_64\eclipse\plugins\org.eclipse.m2e.maven.runtime_3.9.900.20240824-1409\jars\plexus-component-annotations-2.1.0.jar
2024-09-24 01:52:23,230 [Worker-23: Launching mavenrun-ce3056de-e2da-447e-a09c-0fbe565401ab] INFO  o.eclipse.m2e.core.internal.Bundles - 	Entry: C:\Users\USER\Downloads\eclipse-jee-2024-09-R-win32-x86_64\eclipse\plugins\org.eclipse.m2e.maven.runtime_3.9.900.20240824-1409\jars\plexus-interpolation-1.27.jar
2024-09-24 01:52:23,230 [Worker-23: Launching mavenrun-ce3056de-e2da-447e-a09c-0fbe565401ab] INFO  o.eclipse.m2e.core.internal.Bundles - 	Entry: C:\Users\USER\Downloads\eclipse-jee-2024-09-R-win32-x86_64\eclipse\plugins\org.eclipse.m2e.maven.runtime_3.9.900.20240824-1409\jars\plexus-sec-dispatcher-2.0.jar
2024-09-24 01:52:23,231 [Worker-23: Launching mavenrun-ce3056de-e2da-447e-a09c-0fbe565401ab] INFO  o.eclipse.m2e.core.internal.Bundles - 	Entry: C:\Users\USER\Downloads\eclipse-jee-2024-09-R-win32-x86_64\eclipse\plugins\org.eclipse.m2e.maven.runtime_3.9.900.20240824-1409\jars\plexus-utils-3.5.1.jar
2024-09-24 01:52:23,231 [Worker-23: Launching mavenrun-ce3056de-e2da-447e-a09c-0fbe565401ab] INFO  o.eclipse.m2e.core.internal.Bundles - 	Entry: C:\Users\USER\Downloads\eclipse-jee-2024-09-R-win32-x86_64\eclipse\plugins\org.eclipse.m2e.maven.runtime_3.9.900.20240824-1409\jars\plexus-xml-3.0.1.jar
2024-09-24 01:52:23,232 [Worker-23: Launching mavenrun-ce3056de-e2da-447e-a09c-0fbe565401ab] INFO  o.eclipse.m2e.core.internal.Bundles - 	Entry: C:\Users\USER\Downloads\eclipse-jee-2024-09-R-win32-x86_64\eclipse\plugins\org.eclipse.m2e.maven.runtime_3.9.900.20240824-1409\jars\wagon-file-3.5.3.jar
2024-09-24 01:52:23,232 [Worker-23: Launching mavenrun-ce3056de-e2da-447e-a09c-0fbe565401ab] INFO  o.eclipse.m2e.core.internal.Bundles - 	Entry: C:\Users\USER\Downloads\eclipse-jee-2024-09-R-win32-x86_64\eclipse\plugins\org.eclipse.m2e.maven.runtime_3.9.900.20240824-1409\jars\wagon-http-3.5.3.jar
2024-09-24 01:52:23,232 [Worker-23: Launching mavenrun-ce3056de-e2da-447e-a09c-0fbe565401ab] INFO  o.eclipse.m2e.core.internal.Bundles - 	Entry: C:\Users\USER\Downloads\eclipse-jee-2024-09-R-win32-x86_64\eclipse\plugins\org.eclipse.m2e.maven.runtime_3.9.900.20240824-1409\jars\wagon-http-shared-3.5.3.jar
2024-09-24 01:52:23,232 [Worker-23: Launching mavenrun-ce3056de-e2da-447e-a09c-0fbe565401ab] INFO  o.eclipse.m2e.core.internal.Bundles - 	Entry: C:\Users\USER\Downloads\eclipse-jee-2024-09-R-win32-x86_64\eclipse\plugins\org.eclipse.m2e.maven.runtime_3.9.900.20240824-1409\jars\wagon-provider-api-3.5.3.jar
2024-09-24 01:52:23,236 [Worker-23: Launching mavenrun-ce3056de-e2da-447e-a09c-0fbe565401ab] INFO  o.eclipse.m2e.core.internal.Bundles - getClasspathEntries(Bundle=com.google.guava_33.3.0.jre [16])
2024-09-24 01:52:23,238 [Worker-23: Launching mavenrun-ce3056de-e2da-447e-a09c-0fbe565401ab] INFO  o.eclipse.m2e.core.internal.Bundles - 	Entry: C:\Users\USER\Downloads\eclipse-jee-2024-09-R-win32-x86_64\eclipse\plugins\com.google.guava_33.3.0.jre.jar
2024-09-24 01:52:23,238 [Worker-23: Launching mavenrun-ce3056de-e2da-447e-a09c-0fbe565401ab] INFO  o.eclipse.m2e.core.internal.Bundles - getClasspathEntries(Bundle=slf4j.api_2.0.16 [1008])
2024-09-24 01:52:23,238 [Worker-23: Launching mavenrun-ce3056de-e2da-447e-a09c-0fbe565401ab] INFO  o.eclipse.m2e.core.internal.Bundles - 	Entry: C:\Users\USER\Downloads\eclipse-jee-2024-09-R-win32-x86_64\eclipse\plugins\slf4j.api_2.0.16.jar
2024-09-24 01:52:23,238 [Worker-23: Launching mavenrun-ce3056de-e2da-447e-a09c-0fbe565401ab] INFO  o.eclipse.m2e.core.internal.Bundles - getClasspathEntries(Bundle=jakarta.inject.jakarta.inject-api_1.0.5 [34])
2024-09-24 01:52:23,240 [Worker-23: Launching mavenrun-ce3056de-e2da-447e-a09c-0fbe565401ab] INFO  o.eclipse.m2e.core.internal.Bundles - 	Entry: C:\Users\USER\Downloads\eclipse-jee-2024-09-R-win32-x86_64\eclipse\plugins\jakarta.inject.jakarta.inject-api_1.0.5.jar
2024-09-24 01:52:23,240 [Worker-23: Launching mavenrun-ce3056de-e2da-447e-a09c-0fbe565401ab] INFO  o.eclipse.m2e.core.internal.Bundles - getClasspathEntries(Bundle=jakarta.annotation-api_1.3.5 [29])
2024-09-24 01:52:23,242 [Worker-23: Launching mavenrun-ce3056de-e2da-447e-a09c-0fbe565401ab] INFO  o.eclipse.m2e.core.internal.Bundles - 	Entry: C:\Users\USER\Downloads\eclipse-jee-2024-09-R-win32-x86_64\eclipse\plugins\jakarta.annotation-api_1.3.5.jar
2024-09-24 01:52:23,242 [Worker-23: Launching mavenrun-ce3056de-e2da-447e-a09c-0fbe565401ab] INFO  o.eclipse.m2e.core.internal.Bundles - getClasspathEntries(Bundle=org.apache.commons.cli_1.9.0 [78])
2024-09-24 01:52:23,242 [Worker-23: Launching mavenrun-ce3056de-e2da-447e-a09c-0fbe565401ab] INFO  o.eclipse.m2e.core.internal.Bundles - 	Entry: C:\Users\USER\Downloads\eclipse-jee-2024-09-R-win32-x86_64\eclipse\plugins\org.apache.commons.cli_1.9.0.jar
2024-09-24 01:52:23,244 [Worker-23: Launching mavenrun-ce3056de-e2da-447e-a09c-0fbe565401ab] INFO  o.eclipse.m2e.core.internal.Bundles - getClasspathEntries(Bundle=org.apache.commons.commons-codec_1.16.0 [81])
2024-09-24 01:52:23,245 [Worker-23: Launching mavenrun-ce3056de-e2da-447e-a09c-0fbe565401ab] INFO  o.eclipse.m2e.core.internal.Bundles - 	Entry: C:\Users\USER\Downloads\eclipse-jee-2024-09-R-win32-x86_64\eclipse\plugins\org.apache.commons.commons-codec_1.16.0.jar
2024-09-24 01:52:23,245 [Worker-23: Launching mavenrun-ce3056de-e2da-447e-a09c-0fbe565401ab] INFO  o.eclipse.m2e.core.internal.Bundles - getClasspathEntries(Bundle=com.google.guava.failureaccess_1.0.2 [17])
2024-09-24 01:52:23,246 [Worker-23: Launching mavenrun-ce3056de-e2da-447e-a09c-0fbe565401ab] INFO  o.eclipse.m2e.core.internal.Bundles - 	Entry: C:\Users\USER\Downloads\eclipse-jee-2024-09-R-win32-x86_64\eclipse\plugins\com.google.guava.failureaccess_1.0.2.jar
2024-09-24 01:52:23,267 [Worker-23: Launching mavenrun-ce3056de-e2da-447e-a09c-0fbe565401ab] INFO  o.e.m.i.launch.MavenLaunchDelegate - Run build in "C:\Users\USER\AppData\Local\Temp\m2e-archetypeGenerator8131955738241108498":
2024-09-24 01:52:23,275 [Worker-23: Launching mavenrun-ce3056de-e2da-447e-a09c-0fbe565401ab] INFO  o.e.m.i.launch.MavenLaunchDelegate -  mvn  -DarchetypeGroupId=org.apache.maven.archetypes -DarchetypeArtifactId=maven-archetype-simple -DarchetypeVersion=1.5 -DgroupId=com.bptn -DartifactId=bptn-java -Dversion=0.0.1-SNAPSHOT -Dpackage=com.bptn.course -DoutputDirectory=C:\Users\USER\Documents\Workspace-obsidi-java -B -Dstyle.color=always -U archetype:generate
2024-09-24 01:53:18,444 [Worker-16: Creating maven-archetype-simple] INFO  o.e.m.c.i.p.ProjectConfigurationManager - Collecting project info '/pom.xml' C:\Users\USER\Documents\Workspace-obsidi-java\bptn-java\pom.xml
2024-09-24 01:53:19,731 [Worker-16: Creating maven-archetype-simple] INFO  o.e.m.c.i.e.AbstractTransferListenerAdapter - Downloading https://repo.maven.apache.org/maven2/org/apache/maven/plugins/maven-clean-plugin/3.4.0/maven-clean-plugin-3.4.0.jar
2024-09-24 01:53:20,761 [Worker-16: Creating maven-archetype-simple] INFO  o.e.m.c.i.e.AbstractTransferListenerAdapter - Downloaded https://repo.maven.apache.org/maven2/org/apache/maven/plugins/maven-clean-plugin/3.4.0/maven-clean-plugin-3.4.0.jar
2024-09-24 01:53:21,346 [Worker-16: Creating maven-archetype-simple] INFO  o.e.m.c.i.e.AbstractTransferListenerAdapter - Downloading https://repo.maven.apache.org/maven2/org/apache/maven/plugins/maven-resources-plugin/3.3.1/maven-resources-plugin-3.3.1.jar
2024-09-24 01:53:21,968 [Worker-16: Creating maven-archetype-simple] INFO  o.e.m.c.i.e.AbstractTransferListenerAdapter - Downloaded https://repo.maven.apache.org/maven2/org/apache/maven/plugins/maven-resources-plugin/3.3.1/maven-resources-plugin-3.3.1.jar
2024-09-24 01:53:22,222 [Worker-16: Creating maven-archetype-simple] INFO  o.e.m.c.i.e.AbstractTransferListenerAdapter - Downloading https://repo.maven.apache.org/maven2/org/apache/maven/plugins/maven-compiler-plugin/3.13.0/maven-compiler-plugin-3.13.0.jar
2024-09-24 01:53:22,331 [Worker-16: Creating maven-archetype-simple] INFO  o.e.m.c.i.e.AbstractTransferListenerAdapter - Downloaded https://repo.maven.apache.org/maven2/org/apache/maven/plugins/maven-compiler-plugin/3.13.0/maven-compiler-plugin-3.13.0.jar
2024-09-24 01:53:22,451 [Worker-16: Creating maven-archetype-simple] INFO  o.e.m.c.i.e.AbstractTransferListenerAdapter - Downloading https://repo.maven.apache.org/maven2/org/apache/maven/plugins/maven-surefire-plugin/3.3.0/maven-surefire-plugin-3.3.0.jar
2024-09-24 01:53:23,074 [Worker-16: Creating maven-archetype-simple] INFO  o.e.m.c.i.e.AbstractTransferListenerAdapter - Downloaded https://repo.maven.apache.org/maven2/org/apache/maven/plugins/maven-surefire-plugin/3.3.0/maven-surefire-plugin-3.3.0.jar
2024-09-24 01:53:23,489 [Worker-16: Creating maven-archetype-simple] INFO  o.e.m.c.i.e.AbstractTransferListenerAdapter - Downloading https://repo.maven.apache.org/maven2/org/apache/maven/plugins/maven-jar-plugin/3.4.2/maven-jar-plugin-3.4.2.jar
2024-09-24 01:53:24,251 [Worker-16: Creating maven-archetype-simple] INFO  o.e.m.c.i.e.AbstractTransferListenerAdapter - Downloaded https://repo.maven.apache.org/maven2/org/apache/maven/plugins/maven-jar-plugin/3.4.2/maven-jar-plugin-3.4.2.jar
2024-09-24 01:53:24,809 [Worker-16: Creating maven-archetype-simple] INFO  o.e.m.c.i.e.AbstractTransferListenerAdapter - Downloading https://repo.maven.apache.org/maven2/org/apache/maven/plugins/maven-compiler-plugin/3.13.0/maven-compiler-plugin-3.13.0.pom
2024-09-24 01:53:24,936 [Worker-16: Creating maven-archetype-simple] INFO  o.e.m.c.i.e.AbstractTransferListenerAdapter - Downloaded https://repo.maven.apache.org/maven2/org/apache/maven/plugins/maven-compiler-plugin/3.13.0/maven-compiler-plugin-3.13.0.pom
2024-09-24 01:53:25,314 [Worker-16: Creating maven-archetype-simple] INFO  o.e.m.c.i.e.AbstractTransferListenerAdapter - Downloading https://repo.maven.apache.org/maven2/org/apache/maven/shared/maven-shared-utils/3.4.2/maven-shared-utils-3.4.2.pom
2024-09-24 01:53:25,416 [Worker-16: Creating maven-archetype-simple] INFO  o.e.m.c.i.e.AbstractTransferListenerAdapter - Downloaded https://repo.maven.apache.org/maven2/org/apache/maven/shared/maven-shared-utils/3.4.2/maven-shared-utils-3.4.2.pom
2024-09-24 01:53:25,464 [Worker-16: Creating maven-archetype-simple] INFO  o.e.m.c.i.e.AbstractTransferListenerAdapter - Downloading https://repo.maven.apache.org/maven2/org/apache/maven/shared/maven-shared-components/39/maven-shared-components-39.pom
2024-09-24 01:53:25,552 [Worker-16: Creating maven-archetype-simple] INFO  o.e.m.c.i.e.AbstractTransferListenerAdapter - Downloaded https://repo.maven.apache.org/maven2/org/apache/maven/shared/maven-shared-components/39/maven-shared-components-39.pom
2024-09-24 01:53:25,712 [Worker-16: Creating maven-archetype-simple] INFO  o.e.m.c.i.e.AbstractTransferListenerAdapter - Downloading https://repo.maven.apache.org/maven2/org/slf4j/slf4j-api/1.7.36/slf4j-api-1.7.36.pom
2024-09-24 01:53:25,811 [Worker-16: Creating maven-archetype-simple] INFO  o.e.m.c.i.e.AbstractTransferListenerAdapter - Downloaded https://repo.maven.apache.org/maven2/org/slf4j/slf4j-api/1.7.36/slf4j-api-1.7.36.pom
2024-09-24 01:53:25,856 [Worker-16: Creating maven-archetype-simple] INFO  o.e.m.c.i.e.AbstractTransferListenerAdapter - Downloading https://repo.maven.apache.org/maven2/org/slf4j/slf4j-parent/1.7.36/slf4j-parent-1.7.36.pom
2024-09-24 01:53:25,967 [Worker-16: Creating maven-archetype-simple] INFO  o.e.m.c.i.e.AbstractTransferListenerAdapter - Downloaded https://repo.maven.apache.org/maven2/org/slf4j/slf4j-parent/1.7.36/slf4j-parent-1.7.36.pom
2024-09-24 01:53:26,062 [Worker-16: Creating maven-archetype-simple] INFO  o.e.m.c.i.e.AbstractTransferListenerAdapter - Downloading https://repo.maven.apache.org/maven2/commons-io/commons-io/2.11.0/commons-io-2.11.0.pom
2024-09-24 01:53:26,176 [Worker-16: Creating maven-archetype-simple] INFO  o.e.m.c.i.e.AbstractTransferListenerAdapter - Downloaded https://repo.maven.apache.org/maven2/commons-io/commons-io/2.11.0/commons-io-2.11.0.pom
2024-09-24 01:53:26,291 [Worker-16: Creating maven-archetype-simple] INFO  o.e.m.c.i.e.AbstractTransferListenerAdapter - Downloading https://repo.maven.apache.org/maven2/org/apache/commons/commons-parent/52/commons-parent-52.pom
2024-09-24 01:53:26,407 [Worker-16: Creating maven-archetype-simple] INFO  o.e.m.c.i.e.AbstractTransferListenerAdapter - Downloaded https://repo.maven.apache.org/maven2/org/apache/commons/commons-parent/52/commons-parent-52.pom
2024-09-24 01:53:26,561 [Worker-16: Creating maven-archetype-simple] INFO  o.e.m.c.i.e.AbstractTransferListenerAdapter - Downloading https://repo.maven.apache.org/maven2/org/junit/junit-bom/5.7.2/junit-bom-5.7.2.pom
2024-09-24 01:53:26,651 [Worker-16: Creating maven-archetype-simple] INFO  o.e.m.c.i.e.AbstractTransferListenerAdapter - Downloaded https://repo.maven.apache.org/maven2/org/junit/junit-bom/5.7.2/junit-bom-5.7.2.pom
2024-09-24 01:53:26,741 [Worker-16: Creating maven-archetype-simple] INFO  o.e.m.c.i.e.AbstractTransferListenerAdapter - Downloading https://repo.maven.apache.org/maven2/org/apache/maven/shared/maven-shared-incremental/1.1/maven-shared-incremental-1.1.pom
2024-09-24 01:53:26,831 [Worker-16: Creating maven-archetype-simple] INFO  o.e.m.c.i.e.AbstractTransferListenerAdapter - Downloaded https://repo.maven.apache.org/maven2/org/apache/maven/shared/maven-shared-incremental/1.1/maven-shared-incremental-1.1.pom
2024-09-24 01:53:26,877 [Worker-16: Creating maven-archetype-simple] INFO  o.e.m.c.i.e.AbstractTransferListenerAdapter - Downloading https://repo.maven.apache.org/maven2/org/apache/maven/shared/maven-shared-components/19/maven-shared-components-19.pom
2024-09-24 01:53:26,981 [Worker-16: Creating maven-archetype-simple] INFO  o.e.m.c.i.e.AbstractTransferListenerAdapter - Downloaded https://repo.maven.apache.org/maven2/org/apache/maven/shared/maven-shared-components/19/maven-shared-components-19.pom
2024-09-24 01:53:27,033 [Worker-16: Creating maven-archetype-simple] INFO  o.e.m.c.i.e.AbstractTransferListenerAdapter - Downloading https://repo.maven.apache.org/maven2/org/apache/maven/maven-parent/23/maven-parent-23.pom
2024-09-24 01:53:27,151 [Worker-16: Creating maven-archetype-simple] INFO  o.e.m.c.i.e.AbstractTransferListenerAdapter - Downloaded https://repo.maven.apache.org/maven2/org/apache/maven/maven-parent/23/maven-parent-23.pom
2024-09-24 01:53:27,244 [Worker-16: Creating maven-archetype-simple] INFO  o.e.m.c.i.e.AbstractTransferListenerAdapter - Downloading https://repo.maven.apache.org/maven2/org/apache/apache/13/apache-13.pom
2024-09-24 01:53:27,357 [Worker-16: Creating maven-archetype-simple] INFO  o.e.m.c.i.e.AbstractTransferListenerAdapter - Downloaded https://repo.maven.apache.org/maven2/org/apache/apache/13/apache-13.pom
2024-09-24 01:53:27,466 [Worker-16: Creating maven-archetype-simple] INFO  o.e.m.c.i.e.AbstractTransferListenerAdapter - Downloading https://repo.maven.apache.org/maven2/org/codehaus/plexus/plexus-java/1.2.0/plexus-java-1.2.0.pom
2024-09-24 01:53:27,552 [Worker-16: Creating maven-archetype-simple] INFO  o.e.m.c.i.e.AbstractTransferListenerAdapter - Downloaded https://repo.maven.apache.org/maven2/org/codehaus/plexus/plexus-java/1.2.0/plexus-java-1.2.0.pom
2024-09-24 01:53:27,583 [Worker-16: Creating maven-archetype-simple] INFO  o.e.m.c.i.e.AbstractTransferListenerAdapter - Downloading https://repo.maven.apache.org/maven2/org/codehaus/plexus/plexus-languages/1.2.0/plexus-languages-1.2.0.pom
2024-09-24 01:53:27,645 [Worker-16: Creating maven-archetype-simple] INFO  o.e.m.c.i.e.AbstractTransferListenerAdapter - Downloaded https://repo.maven.apache.org/maven2/org/codehaus/plexus/plexus-languages/1.2.0/plexus-languages-1.2.0.pom
2024-09-24 01:53:27,678 [Worker-16: Creating maven-archetype-simple] INFO  o.e.m.c.i.e.AbstractTransferListenerAdapter - Downloading https://repo.maven.apache.org/maven2/org/codehaus/plexus/plexus/15/plexus-15.pom
2024-09-24 01:53:27,745 [Worker-16: Creating maven-archetype-simple] INFO  o.e.m.c.i.e.AbstractTransferListenerAdapter - Downloaded https://repo.maven.apache.org/maven2/org/codehaus/plexus/plexus/15/plexus-15.pom
2024-09-24 01:53:27,801 [Worker-16: Creating maven-archetype-simple] INFO  o.e.m.c.i.e.AbstractTransferListenerAdapter - Downloading https://repo.maven.apache.org/maven2/org/junit/junit-bom/5.10.0/junit-bom-5.10.0.pom
2024-09-24 01:53:27,861 [Worker-16: Creating maven-archetype-simple] INFO  o.e.m.c.i.e.AbstractTransferListenerAdapter - Downloaded https://repo.maven.apache.org/maven2/org/junit/junit-bom/5.10.0/junit-bom-5.10.0.pom
2024-09-24 01:53:27,892 [Worker-16: Creating maven-archetype-simple] INFO  o.e.m.c.i.e.AbstractTransferListenerAdapter - Downloading https://repo.maven.apache.org/maven2/org/ow2/asm/asm/9.6/asm-9.6.pom
2024-09-24 01:53:27,933 [Worker-16: Creating maven-archetype-simple] INFO  o.e.m.c.i.e.AbstractTransferListenerAdapter - Downloaded https://repo.maven.apache.org/maven2/org/ow2/asm/asm/9.6/asm-9.6.pom
2024-09-24 01:53:27,971 [Worker-16: Creating maven-archetype-simple] INFO  o.e.m.c.i.e.AbstractTransferListenerAdapter - Downloading https://repo.maven.apache.org/maven2/org/ow2/ow2/1.5.1/ow2-1.5.1.pom
2024-09-24 01:53:28,083 [Worker-16: Creating maven-archetype-simple] INFO  o.e.m.c.i.e.AbstractTransferListenerAdapter - Downloaded https://repo.maven.apache.org/maven2/org/ow2/ow2/1.5.1/ow2-1.5.1.pom
2024-09-24 01:53:28,184 [Worker-16: Creating maven-archetype-simple] INFO  o.e.m.c.i.e.AbstractTransferListenerAdapter - Downloading https://repo.maven.apache.org/maven2/com/thoughtworks/qdox/qdox/2.0.3/qdox-2.0.3.pom
2024-09-24 01:53:28,295 [Worker-16: Creating maven-archetype-simple] INFO  o.e.m.c.i.e.AbstractTransferListenerAdapter - Downloaded https://repo.maven.apache.org/maven2/com/thoughtworks/qdox/qdox/2.0.3/qdox-2.0.3.pom
2024-09-24 01:53:28,413 [Worker-16: Creating maven-archetype-simple] INFO  o.e.m.c.i.e.AbstractTransferListenerAdapter - Downloading https://repo.maven.apache.org/maven2/org/sonatype/oss/oss-parent/9/oss-parent-9.pom
2024-09-24 01:53:28,514 [Worker-16: Creating maven-archetype-simple] INFO  o.e.m.c.i.e.AbstractTransferListenerAdapter - Downloaded https://repo.maven.apache.org/maven2/org/sonatype/oss/oss-parent/9/oss-parent-9.pom
2024-09-24 01:53:28,579 [Worker-16: Creating maven-archetype-simple] INFO  o.e.m.c.i.e.AbstractTransferListenerAdapter - Downloading https://repo.maven.apache.org/maven2/org/codehaus/plexus/plexus-compiler-api/2.15.0/plexus-compiler-api-2.15.0.pom
2024-09-24 01:53:28,679 [Worker-16: Creating maven-archetype-simple] INFO  o.e.m.c.i.e.AbstractTransferListenerAdapter - Downloaded https://repo.maven.apache.org/maven2/org/codehaus/plexus/plexus-compiler-api/2.15.0/plexus-compiler-api-2.15.0.pom
2024-09-24 01:53:28,731 [Worker-16: Creating maven-archetype-simple] INFO  o.e.m.c.i.e.AbstractTransferListenerAdapter - Downloading https://repo.maven.apache.org/maven2/org/codehaus/plexus/plexus-compiler/2.15.0/plexus-compiler-2.15.0.pom
2024-09-24 01:53:28,830 [Worker-16: Creating maven-archetype-simple] INFO  o.e.m.c.i.e.AbstractTransferListenerAdapter - Downloaded https://repo.maven.apache.org/maven2/org/codehaus/plexus/plexus-compiler/2.15.0/plexus-compiler-2.15.0.pom
2024-09-24 01:53:28,875 [Worker-16: Creating maven-archetype-simple] INFO  o.e.m.c.i.e.AbstractTransferListenerAdapter - Downloading https://repo.maven.apache.org/maven2/org/codehaus/plexus/plexus/17/plexus-17.pom
2024-09-24 01:53:28,986 [Worker-16: Creating maven-archetype-simple] INFO  o.e.m.c.i.e.AbstractTransferListenerAdapter - Downloaded https://repo.maven.apache.org/maven2/org/codehaus/plexus/plexus/17/plexus-17.pom
2024-09-24 01:53:29,115 [Worker-16: Creating maven-archetype-simple] INFO  o.e.m.c.i.e.AbstractTransferListenerAdapter - Downloading https://repo.maven.apache.org/maven2/org/codehaus/plexus/plexus-utils/4.0.0/plexus-utils-4.0.0.pom
2024-09-24 01:53:29,234 [Worker-16: Creating maven-archetype-simple] INFO  o.e.m.c.i.e.AbstractTransferListenerAdapter - Downloaded https://repo.maven.apache.org/maven2/org/codehaus/plexus/plexus-utils/4.0.0/plexus-utils-4.0.0.pom
2024-09-24 01:53:29,332 [Worker-16: Creating maven-archetype-simple] INFO  o.e.m.c.i.e.AbstractTransferListenerAdapter - Downloading https://repo.maven.apache.org/maven2/org/codehaus/plexus/plexus/13/plexus-13.pom
2024-09-24 01:53:29,452 [Worker-16: Creating maven-archetype-simple] INFO  o.e.m.c.i.e.AbstractTransferListenerAdapter - Downloaded https://repo.maven.apache.org/maven2/org/codehaus/plexus/plexus/13/plexus-13.pom
2024-09-24 01:53:29,568 [Worker-16: Creating maven-archetype-simple] INFO  o.e.m.c.i.e.AbstractTransferListenerAdapter - Downloading https://repo.maven.apache.org/maven2/org/junit/junit-bom/5.9.3/junit-bom-5.9.3.pom
2024-09-24 01:53:29,681 [Worker-16: Creating maven-archetype-simple] INFO  o.e.m.c.i.e.AbstractTransferListenerAdapter - Downloaded https://repo.maven.apache.org/maven2/org/junit/junit-bom/5.9.3/junit-bom-5.9.3.pom
2024-09-24 01:53:29,731 [Worker-16: Creating maven-archetype-simple] INFO  o.e.m.c.i.e.AbstractTransferListenerAdapter - Downloading https://repo.maven.apache.org/maven2/org/codehaus/plexus/plexus-compiler-manager/2.15.0/plexus-compiler-manager-2.15.0.pom
2024-09-24 01:53:29,826 [Worker-16: Creating maven-archetype-simple] INFO  o.e.m.c.i.e.AbstractTransferListenerAdapter - Downloaded https://repo.maven.apache.org/maven2/org/codehaus/plexus/plexus-compiler-manager/2.15.0/plexus-compiler-manager-2.15.0.pom
2024-09-24 01:53:29,895 [Worker-16: Creating maven-archetype-simple] INFO  o.e.m.c.i.e.AbstractTransferListenerAdapter - Downloading https://repo.maven.apache.org/maven2/javax/inject/javax.inject/1/javax.inject-1.pom
2024-09-24 01:53:29,981 [Worker-16: Creating maven-archetype-simple] INFO  o.e.m.c.i.e.AbstractTransferListenerAdapter - Downloaded https://repo.maven.apache.org/maven2/javax/inject/javax.inject/1/javax.inject-1.pom
2024-09-24 01:53:30,058 [Worker-16: Creating maven-archetype-simple] INFO  o.e.m.c.i.e.AbstractTransferListenerAdapter - Downloading https://repo.maven.apache.org/maven2/org/codehaus/plexus/plexus-xml/3.0.0/plexus-xml-3.0.0.pom
2024-09-24 01:53:30,178 [Worker-16: Creating maven-archetype-simple] INFO  o.e.m.c.i.e.AbstractTransferListenerAdapter - Downloaded https://repo.maven.apache.org/maven2/org/codehaus/plexus/plexus-xml/3.0.0/plexus-xml-3.0.0.pom
2024-09-24 01:53:30,254 [Worker-16: Creating maven-archetype-simple] INFO  o.e.m.c.i.e.AbstractTransferListenerAdapter - Downloading https://repo.maven.apache.org/maven2/org/codehaus/plexus/plexus-compiler-javac/2.15.0/plexus-compiler-javac-2.15.0.pom
2024-09-24 01:53:30,401 [Worker-16: Creating maven-archetype-simple] INFO  o.e.m.c.i.e.AbstractTransferListenerAdapter - Downloaded https://repo.maven.apache.org/maven2/org/codehaus/plexus/plexus-compiler-javac/2.15.0/plexus-compiler-javac-2.15.0.pom
2024-09-24 01:53:30,466 [Worker-16: Creating maven-archetype-simple] INFO  o.e.m.c.i.e.AbstractTransferListenerAdapter - Downloading https://repo.maven.apache.org/maven2/org/codehaus/plexus/plexus-compilers/2.15.0/plexus-compilers-2.15.0.pom
2024-09-24 01:53:30,517 [Worker-16: Creating maven-archetype-simple] INFO  o.e.m.c.i.e.AbstractTransferListenerAdapter - Downloaded https://repo.maven.apache.org/maven2/org/codehaus/plexus/plexus-compilers/2.15.0/plexus-compilers-2.15.0.pom
2024-09-24 01:53:30,656 [Worker-16: Creating maven-archetype-simple] INFO  o.e.m.c.i.e.AbstractTransferListenerAdapter - Downloading https://repo.maven.apache.org/maven2/org/apache/maven/shared/maven-shared-utils/3.4.2/maven-shared-utils-3.4.2.jar
2024-09-24 01:53:30,780 [Worker-16: Creating maven-archetype-simple] INFO  o.e.m.c.i.e.AbstractTransferListenerAdapter - Downloaded https://repo.maven.apache.org/maven2/org/apache/maven/shared/maven-shared-utils/3.4.2/maven-shared-utils-3.4.2.jar
2024-09-24 01:53:30,801 [BasicRepositoryConnector-repo.maven.apache.org-0-1] INFO  o.e.m.c.i.e.AbstractTransferListenerAdapter - Downloading https://repo.maven.apache.org/maven2/commons-io/commons-io/2.11.0/commons-io-2.11.0.jar
2024-09-24 01:53:30,883 [BasicRepositoryConnector-repo.maven.apache.org-0-4] INFO  o.e.m.c.i.e.AbstractTransferListenerAdapter - Downloading https://repo.maven.apache.org/maven2/org/ow2/asm/asm/9.6/asm-9.6.jar
2024-09-24 01:53:30,902 [BasicRepositoryConnector-repo.maven.apache.org-0-0] INFO  o.e.m.c.i.e.AbstractTransferListenerAdapter - Downloading https://repo.maven.apache.org/maven2/org/slf4j/slf4j-api/1.7.36/slf4j-api-1.7.36.jar
2024-09-24 01:53:30,902 [BasicRepositoryConnector-repo.maven.apache.org-0-2] INFO  o.e.m.c.i.e.AbstractTransferListenerAdapter - Downloading https://repo.maven.apache.org/maven2/org/apache/maven/shared/maven-shared-incremental/1.1/maven-shared-incremental-1.1.jar
2024-09-24 01:53:30,908 [BasicRepositoryConnector-repo.maven.apache.org-0-3] INFO  o.e.m.c.i.e.AbstractTransferListenerAdapter - Downloading https://repo.maven.apache.org/maven2/org/codehaus/plexus/plexus-java/1.2.0/plexus-java-1.2.0.jar
2024-09-24 01:53:31,006 [BasicRepositoryConnector-repo.maven.apache.org-0-1] INFO  o.e.m.c.i.e.AbstractTransferListenerAdapter - Downloaded https://repo.maven.apache.org/maven2/commons-io/commons-io/2.11.0/commons-io-2.11.0.jar
2024-09-24 01:53:31,021 [BasicRepositoryConnector-repo.maven.apache.org-0-1] INFO  o.e.m.c.i.e.AbstractTransferListenerAdapter - Downloading https://repo.maven.apache.org/maven2/com/thoughtworks/qdox/qdox/2.0.3/qdox-2.0.3.jar
2024-09-24 01:53:31,074 [BasicRepositoryConnector-repo.maven.apache.org-0-4] INFO  o.e.m.c.i.e.AbstractTransferListenerAdapter - Downloaded https://repo.maven.apache.org/maven2/org/ow2/asm/asm/9.6/asm-9.6.jar
2024-09-24 01:53:31,080 [BasicRepositoryConnector-repo.maven.apache.org-0-3] INFO  o.e.m.c.i.e.AbstractTransferListenerAdapter - Downloaded https://repo.maven.apache.org/maven2/org/codehaus/plexus/plexus-java/1.2.0/plexus-java-1.2.0.jar
2024-09-24 01:53:31,090 [BasicRepositoryConnector-repo.maven.apache.org-0-4] INFO  o.e.m.c.i.e.AbstractTransferListenerAdapter - Downloading https://repo.maven.apache.org/maven2/org/codehaus/plexus/plexus-compiler-api/2.15.0/plexus-compiler-api-2.15.0.jar
2024-09-24 01:53:31,103 [BasicRepositoryConnector-repo.maven.apache.org-0-3] INFO  o.e.m.c.i.e.AbstractTransferListenerAdapter - Downloading https://repo.maven.apache.org/maven2/org/codehaus/plexus/plexus-compiler-manager/2.15.0/plexus-compiler-manager-2.15.0.jar
2024-09-24 01:53:31,256 [BasicRepositoryConnector-repo.maven.apache.org-0-1] INFO  o.e.m.c.i.e.AbstractTransferListenerAdapter - Downloaded https://repo.maven.apache.org/maven2/com/thoughtworks/qdox/qdox/2.0.3/qdox-2.0.3.jar
2024-09-24 01:53:31,282 [BasicRepositoryConnector-repo.maven.apache.org-0-1] INFO  o.e.m.c.i.e.AbstractTransferListenerAdapter - Downloading https://repo.maven.apache.org/maven2/javax/inject/javax.inject/1/javax.inject-1.jar
2024-09-24 01:53:31,366 [BasicRepositoryConnector-repo.maven.apache.org-0-1] INFO  o.e.m.c.i.e.AbstractTransferListenerAdapter - Downloaded https://repo.maven.apache.org/maven2/javax/inject/javax.inject/1/javax.inject-1.jar
2024-09-24 01:53:31,385 [BasicRepositoryConnector-repo.maven.apache.org-0-1] INFO  o.e.m.c.i.e.AbstractTransferListenerAdapter - Downloading https://repo.maven.apache.org/maven2/org/codehaus/plexus/plexus-xml/3.0.0/plexus-xml-3.0.0.jar
2024-09-24 01:53:31,530 [BasicRepositoryConnector-repo.maven.apache.org-0-1] INFO  o.e.m.c.i.e.AbstractTransferListenerAdapter - Downloaded https://repo.maven.apache.org/maven2/org/codehaus/plexus/plexus-xml/3.0.0/plexus-xml-3.0.0.jar
2024-09-24 01:53:31,576 [BasicRepositoryConnector-repo.maven.apache.org-0-3] INFO  o.e.m.c.i.e.AbstractTransferListenerAdapter - Downloaded https://repo.maven.apache.org/maven2/org/codehaus/plexus/plexus-compiler-manager/2.15.0/plexus-compiler-manager-2.15.0.jar
2024-09-24 01:53:31,588 [BasicRepositoryConnector-repo.maven.apache.org-0-1] INFO  o.e.m.c.i.e.AbstractTransferListenerAdapter - Downloading https://repo.maven.apache.org/maven2/org/codehaus/plexus/plexus-compiler-javac/2.15.0/plexus-compiler-javac-2.15.0.jar
2024-09-24 01:53:31,591 [BasicRepositoryConnector-repo.maven.apache.org-0-3] INFO  o.e.m.c.i.e.AbstractTransferListenerAdapter - Downloading https://repo.maven.apache.org/maven2/org/codehaus/plexus/plexus-utils/4.0.0/plexus-utils-4.0.0.jar
2024-09-24 01:53:31,701 [BasicRepositoryConnector-repo.maven.apache.org-0-3] INFO  o.e.m.c.i.e.AbstractTransferListenerAdapter - Downloaded https://repo.maven.apache.org/maven2/org/codehaus/plexus/plexus-utils/4.0.0/plexus-utils-4.0.0.jar
2024-09-24 01:53:31,714 [BasicRepositoryConnector-repo.maven.apache.org-0-2] INFO  o.e.m.c.i.e.AbstractTransferListenerAdapter - Downloaded https://repo.maven.apache.org/maven2/org/apache/maven/shared/maven-shared-incremental/1.1/maven-shared-incremental-1.1.jar
2024-09-24 01:53:32,042 [BasicRepositoryConnector-repo.maven.apache.org-0-1] INFO  o.e.m.c.i.e.AbstractTransferListenerAdapter - Downloaded https://repo.maven.apache.org/maven2/org/codehaus/plexus/plexus-compiler-javac/2.15.0/plexus-compiler-javac-2.15.0.jar
2024-09-24 01:53:32,114 [BasicRepositoryConnector-repo.maven.apache.org-0-4] INFO  o.e.m.c.i.e.AbstractTransferListenerAdapter - Downloaded https://repo.maven.apache.org/maven2/org/codehaus/plexus/plexus-compiler-api/2.15.0/plexus-compiler-api-2.15.0.jar
2024-09-24 01:53:32,332 [BasicRepositoryConnector-repo.maven.apache.org-0-0] INFO  o.e.m.c.i.e.AbstractTransferListenerAdapter - Downloaded https://repo.maven.apache.org/maven2/org/slf4j/slf4j-api/1.7.36/slf4j-api-1.7.36.jar
2024-09-24 01:53:32,731 [Worker-16: Creating maven-archetype-simple] INFO  o.e.m.c.i.l.LifecycleMappingFactory - Using org.eclipse.m2e.jdt.JarLifecycleMapping lifecycle mapping for MavenProject: com.bptn:bptn-java:0.0.1-SNAPSHOT @ C:\Users\USER\Documents\Workspace-obsidi-java\bptn-java\pom.xml.
2024-09-24 01:53:32,757 [Worker-16: Creating maven-archetype-simple] INFO  o.e.m.c.i.e.AbstractTransferListenerAdapter - Downloading https://repo.maven.apache.org/maven2/junit/junit/3.8.1/junit-3.8.1.pom
2024-09-24 01:53:32,806 [Worker-16: Creating maven-archetype-simple] INFO  o.e.m.c.i.e.AbstractTransferListenerAdapter - Downloaded https://repo.maven.apache.org/maven2/junit/junit/3.8.1/junit-3.8.1.pom
2024-09-24 01:53:32,830 [Worker-16: Creating maven-archetype-simple] INFO  o.e.m.c.i.e.AbstractTransferListenerAdapter - Downloading https://repo.maven.apache.org/maven2/junit/junit/3.8.1/junit-3.8.1.jar
2024-09-24 01:53:32,871 [Worker-16: Creating maven-archetype-simple] INFO  o.e.m.c.i.e.AbstractTransferListenerAdapter - Downloaded https://repo.maven.apache.org/maven2/junit/junit/3.8.1/junit-3.8.1.jar
2024-09-24 01:53:32,931 [Worker-16: Creating maven-archetype-simple] INFO  o.e.m.c.i.e.AbstractTransferListenerAdapter - Downloading https://repo.maven.apache.org/maven2/org/apache/maven/plugins/maven-resources-plugin/3.3.1/maven-resources-plugin-3.3.1.pom
2024-09-24 01:53:32,999 [Worker-16: Creating maven-archetype-simple] INFO  o.e.m.c.i.e.AbstractTransferListenerAdapter - Downloaded https://repo.maven.apache.org/maven2/org/apache/maven/plugins/maven-resources-plugin/3.3.1/maven-resources-plugin-3.3.1.pom
2024-09-24 01:53:33,033 [Worker-16: Creating maven-archetype-simple] INFO  o.e.m.c.i.e.AbstractTransferListenerAdapter - Downloading https://repo.maven.apache.org/maven2/org/apache/maven/plugins/maven-plugins/39/maven-plugins-39.pom
2024-09-24 01:53:33,101 [Worker-16: Creating maven-archetype-simple] INFO  o.e.m.c.i.e.AbstractTransferListenerAdapter - Downloaded https://repo.maven.apache.org/maven2/org/apache/maven/plugins/maven-plugins/39/maven-plugins-39.pom
2024-09-24 01:53:33,227 [Worker-16: Creating maven-archetype-simple] INFO  o.e.m.c.i.e.AbstractTransferListenerAdapter - Downloading https://repo.maven.apache.org/maven2/org/apache/maven/plugins/maven-surefire-plugin/3.3.0/maven-surefire-plugin-3.3.0.pom
2024-09-24 01:53:33,307 [Worker-16: Creating maven-archetype-simple] INFO  o.e.m.c.i.e.AbstractTransferListenerAdapter - Downloaded https://repo.maven.apache.org/maven2/org/apache/maven/plugins/maven-surefire-plugin/3.3.0/maven-surefire-plugin-3.3.0.pom
2024-09-24 01:53:33,421 [Worker-16: Creating maven-archetype-simple] INFO  o.e.m.c.i.e.AbstractTransferListenerAdapter - Downloading https://repo.maven.apache.org/maven2/org/apache/maven/surefire/surefire/3.3.0/surefire-3.3.0.pom
2024-09-24 01:53:33,514 [Worker-16: Creating maven-archetype-simple] INFO  o.e.m.c.i.e.AbstractTransferListenerAdapter - Downloaded https://repo.maven.apache.org/maven2/org/apache/maven/surefire/surefire/3.3.0/surefire-3.3.0.pom
2024-09-24 01:53:33,675 [Worker-16: Creating maven-archetype-simple] INFO  o.e.m.c.i.e.AbstractTransferListenerAdapter - Downloading https://repo.maven.apache.org/maven2/org/apache/maven/plugins/maven-jar-plugin/3.4.2/maven-jar-plugin-3.4.2.pom
2024-09-24 01:53:33,769 [Worker-16: Creating maven-archetype-simple] INFO  o.e.m.c.i.e.AbstractTransferListenerAdapter - Downloaded https://repo.maven.apache.org/maven2/org/apache/maven/plugins/maven-jar-plugin/3.4.2/maven-jar-plugin-3.4.2.pom
2024-09-24 01:53:33,892 [Worker-16: Creating maven-archetype-simple] INFO  o.e.m.c.i.e.AbstractTransferListenerAdapter - Downloading https://repo.maven.apache.org/maven2/org/apache/maven/shared/file-management/3.1.0/file-management-3.1.0.pom
2024-09-24 01:53:33,933 [Worker-16: Creating maven-archetype-simple] INFO  o.e.m.c.i.e.AbstractTransferListenerAdapter - Downloaded https://repo.maven.apache.org/maven2/org/apache/maven/shared/file-management/3.1.0/file-management-3.1.0.pom
2024-09-24 01:53:33,961 [Worker-16: Creating maven-archetype-simple] INFO  o.e.m.c.i.e.AbstractTransferListenerAdapter - Downloading https://repo.maven.apache.org/maven2/org/apache/maven/shared/maven-shared-components/36/maven-shared-components-36.pom
2024-09-24 01:53:33,994 [Worker-16: Creating maven-archetype-simple] INFO  o.e.m.c.i.e.AbstractTransferListenerAdapter - Downloaded https://repo.maven.apache.org/maven2/org/apache/maven/shared/maven-shared-components/36/maven-shared-components-36.pom
2024-09-24 01:53:34,047 [Worker-16: Creating maven-archetype-simple] INFO  o.e.m.c.i.e.AbstractTransferListenerAdapter - Downloading https://repo.maven.apache.org/maven2/org/codehaus/plexus/plexus-utils/4.0.1/plexus-utils-4.0.1.pom
2024-09-24 01:53:34,101 [Worker-16: Creating maven-archetype-simple] INFO  o.e.m.c.i.e.AbstractTransferListenerAdapter - Downloaded https://repo.maven.apache.org/maven2/org/codehaus/plexus/plexus-utils/4.0.1/plexus-utils-4.0.1.pom
2024-09-24 01:53:34,141 [Worker-16: Creating maven-archetype-simple] INFO  o.e.m.c.i.e.AbstractTransferListenerAdapter - Downloading https://repo.maven.apache.org/maven2/commons-io/commons-io/2.16.1/commons-io-2.16.1.pom
2024-09-24 01:53:34,232 [Worker-16: Creating maven-archetype-simple] INFO  o.e.m.c.i.e.AbstractTransferListenerAdapter - Downloaded https://repo.maven.apache.org/maven2/commons-io/commons-io/2.16.1/commons-io-2.16.1.pom
2024-09-24 01:53:34,306 [Worker-16: Creating maven-archetype-simple] INFO  o.e.m.c.i.e.AbstractTransferListenerAdapter - Downloading https://repo.maven.apache.org/maven2/org/apache/commons/commons-parent/69/commons-parent-69.pom
2024-09-24 01:53:34,406 [Worker-16: Creating maven-archetype-simple] INFO  o.e.m.c.i.e.AbstractTransferListenerAdapter - Downloaded https://repo.maven.apache.org/maven2/org/apache/commons/commons-parent/69/commons-parent-69.pom
2024-09-24 01:53:34,494 [Worker-16: Creating maven-archetype-simple] INFO  o.e.m.c.i.e.AbstractTransferListenerAdapter - Downloading https://repo.maven.apache.org/maven2/org/apache/maven/maven-archiver/3.6.2/maven-archiver-3.6.2.pom
2024-09-24 01:53:34,583 [Worker-16: Creating maven-archetype-simple] INFO  o.e.m.c.i.e.AbstractTransferListenerAdapter - Downloaded https://repo.maven.apache.org/maven2/org/apache/maven/maven-archiver/3.6.2/maven-archiver-3.6.2.pom
2024-09-24 01:53:34,610 [Worker-16: Creating maven-archetype-simple] INFO  o.e.m.c.i.e.AbstractTransferListenerAdapter - Downloading https://repo.maven.apache.org/maven2/org/apache/maven/shared/maven-shared-components/41/maven-shared-components-41.pom
2024-09-24 01:53:34,655 [Worker-16: Creating maven-archetype-simple] INFO  o.e.m.c.i.e.AbstractTransferListenerAdapter - Downloaded https://repo.maven.apache.org/maven2/org/apache/maven/shared/maven-shared-components/41/maven-shared-components-41.pom
2024-09-24 01:53:34,711 [Worker-16: Creating maven-archetype-simple] INFO  o.e.m.c.i.e.AbstractTransferListenerAdapter - Downloading https://repo.maven.apache.org/maven2/org/codehaus/plexus/plexus-archiver/4.9.2/plexus-archiver-4.9.2.pom
2024-09-24 01:53:34,801 [Worker-16: Creating maven-archetype-simple] INFO  o.e.m.c.i.e.AbstractTransferListenerAdapter - Downloaded https://repo.maven.apache.org/maven2/org/codehaus/plexus/plexus-archiver/4.9.2/plexus-archiver-4.9.2.pom
2024-09-24 01:53:34,875 [Worker-16: Creating maven-archetype-simple] INFO  o.e.m.c.i.e.AbstractTransferListenerAdapter - Downloading https://repo.maven.apache.org/maven2/org/codehaus/plexus/plexus-io/3.4.2/plexus-io-3.4.2.pom
2024-09-24 01:53:34,956 [Worker-16: Creating maven-archetype-simple] INFO  o.e.m.c.i.e.AbstractTransferListenerAdapter - Downloaded https://repo.maven.apache.org/maven2/org/codehaus/plexus/plexus-io/3.4.2/plexus-io-3.4.2.pom
2024-09-24 01:53:34,977 [Worker-16: Creating maven-archetype-simple] INFO  o.e.m.c.i.e.AbstractTransferListenerAdapter - Downloading https://repo.maven.apache.org/maven2/org/codehaus/plexus/plexus/16/plexus-16.pom
2024-09-24 01:53:35,026 [Worker-16: Creating maven-archetype-simple] INFO  o.e.m.c.i.e.AbstractTransferListenerAdapter - Downloaded https://repo.maven.apache.org/maven2/org/codehaus/plexus/plexus/16/plexus-16.pom
2024-09-24 01:53:35,083 [Worker-16: Creating maven-archetype-simple] INFO  o.e.m.c.i.e.AbstractTransferListenerAdapter - Downloading https://repo.maven.apache.org/maven2/org/junit/junit-bom/5.10.1/junit-bom-5.10.1.pom
2024-09-24 01:53:35,124 [Worker-16: Creating maven-archetype-simple] INFO  o.e.m.c.i.e.AbstractTransferListenerAdapter - Downloaded https://repo.maven.apache.org/maven2/org/junit/junit-bom/5.10.1/junit-bom-5.10.1.pom
2024-09-24 01:53:35,152 [Worker-16: Creating maven-archetype-simple] INFO  o.e.m.c.i.e.AbstractTransferListenerAdapter - Downloading https://repo.maven.apache.org/maven2/org/apache/commons/commons-compress/1.26.1/commons-compress-1.26.1.pom
2024-09-24 01:53:35,205 [Worker-16: Creating maven-archetype-simple] INFO  o.e.m.c.i.e.AbstractTransferListenerAdapter - Downloaded https://repo.maven.apache.org/maven2/org/apache/commons/commons-compress/1.26.1/commons-compress-1.26.1.pom
2024-09-24 01:53:35,245 [Worker-16: Creating maven-archetype-simple] INFO  o.e.m.c.i.e.AbstractTransferListenerAdapter - Downloading https://repo.maven.apache.org/maven2/org/apache/commons/commons-parent/66/commons-parent-66.pom
2024-09-24 01:53:35,359 [Worker-16: Creating maven-archetype-simple] INFO  o.e.m.c.i.e.AbstractTransferListenerAdapter - Downloaded https://repo.maven.apache.org/maven2/org/apache/commons/commons-parent/66/commons-parent-66.pom
2024-09-24 01:53:35,443 [Worker-16: Creating maven-archetype-simple] INFO  o.e.m.c.i.e.AbstractTransferListenerAdapter - Downloading https://repo.maven.apache.org/maven2/commons-codec/commons-codec/1.16.1/commons-codec-1.16.1.pom
2024-09-24 01:53:35,507 [Worker-16: Creating maven-archetype-simple] INFO  o.e.m.c.i.e.AbstractTransferListenerAdapter - Downloaded https://repo.maven.apache.org/maven2/commons-codec/commons-codec/1.16.1/commons-codec-1.16.1.pom
2024-09-24 01:53:35,557 [Worker-16: Creating maven-archetype-simple] INFO  o.e.m.c.i.e.AbstractTransferListenerAdapter - Downloading https://repo.maven.apache.org/maven2/org/apache/commons/commons-lang3/3.14.0/commons-lang3-3.14.0.pom
2024-09-24 01:53:35,627 [Worker-16: Creating maven-archetype-simple] INFO  o.e.m.c.i.e.AbstractTransferListenerAdapter - Downloaded https://repo.maven.apache.org/maven2/org/apache/commons/commons-lang3/3.14.0/commons-lang3-3.14.0.pom
2024-09-24 01:53:35,683 [Worker-16: Creating maven-archetype-simple] INFO  o.e.m.c.i.e.AbstractTransferListenerAdapter - Downloading https://repo.maven.apache.org/maven2/org/apache/commons/commons-parent/64/commons-parent-64.pom
2024-09-24 01:53:35,792 [Worker-16: Creating maven-archetype-simple] INFO  o.e.m.c.i.e.AbstractTransferListenerAdapter - Downloaded https://repo.maven.apache.org/maven2/org/apache/commons/commons-parent/64/commons-parent-64.pom
2024-09-24 01:53:35,874 [Worker-16: Creating maven-archetype-simple] INFO  o.e.m.c.i.e.AbstractTransferListenerAdapter - Downloading https://repo.maven.apache.org/maven2/org/apache/apache/30/apache-30.pom
2024-09-24 01:53:35,977 [Worker-16: Creating maven-archetype-simple] INFO  o.e.m.c.i.e.AbstractTransferListenerAdapter - Downloaded https://repo.maven.apache.org/maven2/org/apache/apache/30/apache-30.pom
2024-09-24 01:53:36,101 [Worker-16: Creating maven-archetype-simple] INFO  o.e.m.c.i.e.AbstractTransferListenerAdapter - Downloading https://repo.maven.apache.org/maven2/org/tukaani/xz/1.9/xz-1.9.pom
2024-09-24 01:53:36,186 [Worker-16: Creating maven-archetype-simple] INFO  o.e.m.c.i.e.AbstractTransferListenerAdapter - Downloaded https://repo.maven.apache.org/maven2/org/tukaani/xz/1.9/xz-1.9.pom
2024-09-24 01:53:36,225 [Worker-16: Creating maven-archetype-simple] INFO  o.e.m.c.i.e.AbstractTransferListenerAdapter - Downloading https://repo.maven.apache.org/maven2/com/github/luben/zstd-jni/1.5.5-11/zstd-jni-1.5.5-11.pom
2024-09-24 01:53:36,306 [Worker-16: Creating maven-archetype-simple] INFO  o.e.m.c.i.e.AbstractTransferListenerAdapter - Downloaded https://repo.maven.apache.org/maven2/com/github/luben/zstd-jni/1.5.5-11/zstd-jni-1.5.5-11.pom
2024-09-24 01:53:36,348 [Worker-16: Creating maven-archetype-simple] INFO  o.e.m.c.i.e.AbstractTransferListenerAdapter - Downloading https://repo.maven.apache.org/maven2/org/codehaus/plexus/plexus-interpolation/1.27/plexus-interpolation-1.27.pom
2024-09-24 01:53:36,430 [Worker-16: Creating maven-archetype-simple] INFO  o.e.m.c.i.e.AbstractTransferListenerAdapter - Downloaded https://repo.maven.apache.org/maven2/org/codehaus/plexus/plexus-interpolation/1.27/plexus-interpolation-1.27.pom
2024-09-24 01:53:36,528 [Worker-16: Creating maven-archetype-simple] INFO  o.e.m.c.i.e.AbstractTransferListenerAdapter - Downloading https://repo.maven.apache.org/maven2/org/apache/maven/shared/file-management/3.1.0/file-management-3.1.0.jar
2024-09-24 01:53:37,453 [Worker-16: Creating maven-archetype-simple] INFO  o.e.m.c.i.e.AbstractTransferListenerAdapter - Downloaded https://repo.maven.apache.org/maven2/org/apache/maven/shared/file-management/3.1.0/file-management-3.1.0.jar
2024-09-24 01:53:37,467 [BasicRepositoryConnector-repo.maven.apache.org-1-0] INFO  o.e.m.c.i.e.AbstractTransferListenerAdapter - Downloading https://repo.maven.apache.org/maven2/org/codehaus/plexus/plexus-utils/4.0.1/plexus-utils-4.0.1.jar
2024-09-24 01:53:37,468 [BasicRepositoryConnector-repo.maven.apache.org-1-1] INFO  o.e.m.c.i.e.AbstractTransferListenerAdapter - Downloading https://repo.maven.apache.org/maven2/commons-io/commons-io/2.16.1/commons-io-2.16.1.jar
2024-09-24 01:53:37,470 [BasicRepositoryConnector-repo.maven.apache.org-1-4] INFO  o.e.m.c.i.e.AbstractTransferListenerAdapter - Downloading https://repo.maven.apache.org/maven2/org/codehaus/plexus/plexus-archiver/4.9.2/plexus-archiver-4.9.2.jar
2024-09-24 01:53:37,495 [BasicRepositoryConnector-repo.maven.apache.org-1-2] INFO  o.e.m.c.i.e.AbstractTransferListenerAdapter - Downloading https://repo.maven.apache.org/maven2/org/apache/maven/maven-archiver/3.6.2/maven-archiver-3.6.2.jar
2024-09-24 01:53:37,516 [BasicRepositoryConnector-repo.maven.apache.org-1-3] INFO  o.e.m.c.i.e.AbstractTransferListenerAdapter - Downloading https://repo.maven.apache.org/maven2/org/codehaus/plexus/plexus-interpolation/1.27/plexus-interpolation-1.27.jar
2024-09-24 01:53:37,598 [BasicRepositoryConnector-repo.maven.apache.org-1-4] INFO  o.e.m.c.i.e.AbstractTransferListenerAdapter - Downloaded https://repo.maven.apache.org/maven2/org/codehaus/plexus/plexus-archiver/4.9.2/plexus-archiver-4.9.2.jar
2024-09-24 01:53:37,609 [BasicRepositoryConnector-repo.maven.apache.org-1-1] INFO  o.e.m.c.i.e.AbstractTransferListenerAdapter - Downloaded https://repo.maven.apache.org/maven2/commons-io/commons-io/2.16.1/commons-io-2.16.1.jar
2024-09-24 01:53:37,638 [BasicRepositoryConnector-repo.maven.apache.org-1-0] INFO  o.e.m.c.i.e.AbstractTransferListenerAdapter - Downloaded https://repo.maven.apache.org/maven2/org/codehaus/plexus/plexus-utils/4.0.1/plexus-utils-4.0.1.jar
2024-09-24 01:53:37,639 [BasicRepositoryConnector-repo.maven.apache.org-1-4] INFO  o.e.m.c.i.e.AbstractTransferListenerAdapter - Downloading https://repo.maven.apache.org/maven2/org/codehaus/plexus/plexus-io/3.4.2/plexus-io-3.4.2.jar
2024-09-24 01:53:37,643 [BasicRepositoryConnector-repo.maven.apache.org-1-1] INFO  o.e.m.c.i.e.AbstractTransferListenerAdapter - Downloading https://repo.maven.apache.org/maven2/org/apache/commons/commons-compress/1.26.1/commons-compress-1.26.1.jar
2024-09-24 01:53:37,669 [BasicRepositoryConnector-repo.maven.apache.org-1-3] INFO  o.e.m.c.i.e.AbstractTransferListenerAdapter - Downloaded https://repo.maven.apache.org/maven2/org/codehaus/plexus/plexus-interpolation/1.27/plexus-interpolation-1.27.jar
2024-09-24 01:53:37,671 [BasicRepositoryConnector-repo.maven.apache.org-1-0] INFO  o.e.m.c.i.e.AbstractTransferListenerAdapter - Downloading https://repo.maven.apache.org/maven2/org/apache/commons/commons-lang3/3.14.0/commons-lang3-3.14.0.jar
2024-09-24 01:53:37,702 [BasicRepositoryConnector-repo.maven.apache.org-1-3] INFO  o.e.m.c.i.e.AbstractTransferListenerAdapter - Downloading https://repo.maven.apache.org/maven2/commons-codec/commons-codec/1.16.1/commons-codec-1.16.1.jar
2024-09-24 01:53:37,793 [BasicRepositoryConnector-repo.maven.apache.org-1-1] INFO  o.e.m.c.i.e.AbstractTransferListenerAdapter - Downloaded https://repo.maven.apache.org/maven2/org/apache/commons/commons-compress/1.26.1/commons-compress-1.26.1.jar
2024-09-24 01:53:37,823 [BasicRepositoryConnector-repo.maven.apache.org-1-1] INFO  o.e.m.c.i.e.AbstractTransferListenerAdapter - Downloading https://repo.maven.apache.org/maven2/org/tukaani/xz/1.9/xz-1.9.jar
2024-09-24 01:53:37,881 [BasicRepositoryConnector-repo.maven.apache.org-1-0] INFO  o.e.m.c.i.e.AbstractTransferListenerAdapter - Downloaded https://repo.maven.apache.org/maven2/org/apache/commons/commons-lang3/3.14.0/commons-lang3-3.14.0.jar
2024-09-24 01:53:37,894 [BasicRepositoryConnector-repo.maven.apache.org-1-3] INFO  o.e.m.c.i.e.AbstractTransferListenerAdapter - Downloaded https://repo.maven.apache.org/maven2/commons-codec/commons-codec/1.16.1/commons-codec-1.16.1.jar
2024-09-24 01:53:37,904 [BasicRepositoryConnector-repo.maven.apache.org-1-0] INFO  o.e.m.c.i.e.AbstractTransferListenerAdapter - Downloading https://repo.maven.apache.org/maven2/com/github/luben/zstd-jni/1.5.5-11/zstd-jni-1.5.5-11.jar
2024-09-24 01:53:37,919 [BasicRepositoryConnector-repo.maven.apache.org-1-4] INFO  o.e.m.c.i.e.AbstractTransferListenerAdapter - Downloaded https://repo.maven.apache.org/maven2/org/codehaus/plexus/plexus-io/3.4.2/plexus-io-3.4.2.jar
2024-09-24 01:53:37,922 [BasicRepositoryConnector-repo.maven.apache.org-1-1] INFO  o.e.m.c.i.e.AbstractTransferListenerAdapter - Downloaded https://repo.maven.apache.org/maven2/org/tukaani/xz/1.9/xz-1.9.jar
2024-09-24 01:53:38,096 [BasicRepositoryConnector-repo.maven.apache.org-1-2] INFO  o.e.m.c.i.e.AbstractTransferListenerAdapter - Downloaded https://repo.maven.apache.org/maven2/org/apache/maven/maven-archiver/3.6.2/maven-archiver-3.6.2.jar
2024-09-24 01:53:38,321 [BasicRepositoryConnector-repo.maven.apache.org-1-0] INFO  o.e.m.c.i.e.AbstractTransferListenerAdapter - Downloaded https://repo.maven.apache.org/maven2/com/github/luben/zstd-jni/1.5.5-11/zstd-jni-1.5.5-11.jar
2024-09-24 01:53:39,585 [Worker-16: Creating maven-archetype-simple] INFO  o.e.m.c.i.e.AbstractTransferListenerAdapter - Downloading https://repo.maven.apache.org/maven2/org/codehaus/plexus/plexus-utils/3.5.1/plexus-utils-3.5.1.pom
2024-09-24 01:53:39,635 [Worker-16: Creating maven-archetype-simple] INFO  o.e.m.c.i.e.AbstractTransferListenerAdapter - Downloaded https://repo.maven.apache.org/maven2/org/codehaus/plexus/plexus-utils/3.5.1/plexus-utils-3.5.1.pom
2024-09-24 01:53:39,682 [Worker-16: Creating maven-archetype-simple] INFO  o.e.m.c.i.e.AbstractTransferListenerAdapter - Downloading https://repo.maven.apache.org/maven2/org/codehaus/plexus/plexus/10/plexus-10.pom
2024-09-24 01:53:39,733 [Worker-16: Creating maven-archetype-simple] INFO  o.e.m.c.i.e.AbstractTransferListenerAdapter - Downloaded https://repo.maven.apache.org/maven2/org/codehaus/plexus/plexus/10/plexus-10.pom
2024-09-24 01:53:39,794 [Worker-16: Creating maven-archetype-simple] INFO  o.e.m.c.i.e.AbstractTransferListenerAdapter - Downloading https://repo.maven.apache.org/maven2/org/apache/maven/shared/maven-filtering/3.3.1/maven-filtering-3.3.1.pom
2024-09-24 01:53:39,869 [Worker-16: Creating maven-archetype-simple] INFO  o.e.m.c.i.e.AbstractTransferListenerAdapter - Downloaded https://repo.maven.apache.org/maven2/org/apache/maven/shared/maven-filtering/3.3.1/maven-filtering-3.3.1.pom
2024-09-24 01:53:39,912 [Worker-16: Creating maven-archetype-simple] INFO  o.e.m.c.i.e.AbstractTransferListenerAdapter - Downloading https://repo.maven.apache.org/maven2/org/sonatype/plexus/plexus-build-api/0.0.7/plexus-build-api-0.0.7.pom
2024-09-24 01:53:39,987 [Worker-16: Creating maven-archetype-simple] INFO  o.e.m.c.i.e.AbstractTransferListenerAdapter - Downloaded https://repo.maven.apache.org/maven2/org/sonatype/plexus/plexus-build-api/0.0.7/plexus-build-api-0.0.7.pom
2024-09-24 01:53:40,020 [Worker-16: Creating maven-archetype-simple] INFO  o.e.m.c.i.e.AbstractTransferListenerAdapter - Downloading https://repo.maven.apache.org/maven2/org/sonatype/spice/spice-parent/15/spice-parent-15.pom
2024-09-24 01:53:40,076 [Worker-16: Creating maven-archetype-simple] INFO  o.e.m.c.i.e.AbstractTransferListenerAdapter - Downloaded https://repo.maven.apache.org/maven2/org/sonatype/spice/spice-parent/15/spice-parent-15.pom
2024-09-24 01:53:40,125 [Worker-16: Creating maven-archetype-simple] INFO  o.e.m.c.i.e.AbstractTransferListenerAdapter - Downloading https://repo.maven.apache.org/maven2/org/sonatype/forge/forge-parent/5/forge-parent-5.pom
2024-09-24 01:53:40,214 [Worker-16: Creating maven-archetype-simple] INFO  o.e.m.c.i.e.AbstractTransferListenerAdapter - Downloaded https://repo.maven.apache.org/maven2/org/sonatype/forge/forge-parent/5/forge-parent-5.pom
2024-09-24 01:53:40,281 [Worker-16: Creating maven-archetype-simple] INFO  o.e.m.c.i.e.AbstractTransferListenerAdapter - Downloading https://repo.maven.apache.org/maven2/org/codehaus/plexus/plexus-utils/3.5.0/plexus-utils-3.5.0.pom
2024-09-24 01:53:40,323 [Worker-24: Download sources and javadoc] INFO  o.e.m.c.i.e.AbstractTransferListenerAdapter - Downloading https://repo.maven.apache.org/maven2/junit/junit/3.8.1/junit-3.8.1-sources.jar
2024-09-24 01:53:40,359 [Worker-16: Creating maven-archetype-simple] INFO  o.e.m.c.i.e.AbstractTransferListenerAdapter - Downloaded https://repo.maven.apache.org/maven2/org/codehaus/plexus/plexus-utils/3.5.0/plexus-utils-3.5.0.pom
2024-09-24 01:53:40,409 [Worker-16: Creating maven-archetype-simple] INFO  o.e.m.c.i.e.AbstractTransferListenerAdapter - Downloading https://repo.maven.apache.org/maven2/org/apache/commons/commons-lang3/3.12.0/commons-lang3-3.12.0.pom
2024-09-24 01:53:40,422 [Worker-24: Download sources and javadoc] INFO  o.e.m.c.i.e.AbstractTransferListenerAdapter - Downloaded https://repo.maven.apache.org/maven2/junit/junit/3.8.1/junit-3.8.1-sources.jar
2024-09-24 01:53:40,432 [Worker-24: Download sources and javadoc] INFO  o.e.m.j.internal.DownloadSourcesJob - Downloaded sources for junit:junit:3.8.1
2024-09-24 01:53:40,468 [Worker-16: Creating maven-archetype-simple] INFO  o.e.m.c.i.e.AbstractTransferListenerAdapter - Downloaded https://repo.maven.apache.org/maven2/org/apache/commons/commons-lang3/3.12.0/commons-lang3-3.12.0.pom
2024-09-24 01:53:40,540 [Worker-16: Creating maven-archetype-simple] INFO  o.e.m.c.i.e.AbstractTransferListenerAdapter - Downloading https://repo.maven.apache.org/maven2/org/junit/junit-bom/5.7.1/junit-bom-5.7.1.pom
2024-09-24 01:53:40,609 [Worker-16: Creating maven-archetype-simple] INFO  o.e.m.c.i.e.AbstractTransferListenerAdapter - Downloaded https://repo.maven.apache.org/maven2/org/junit/junit-bom/5.7.1/junit-bom-5.7.1.pom
2024-09-24 01:53:40,664 [Worker-16: Creating maven-archetype-simple] INFO  o.e.m.c.i.e.AbstractTransferListenerAdapter - Downloading https://repo.maven.apache.org/maven2/org/codehaus/plexus/plexus-utils/3.5.1/plexus-utils-3.5.1.jar
2024-09-24 01:53:40,724 [Worker-16: Creating maven-archetype-simple] INFO  o.e.m.c.i.e.AbstractTransferListenerAdapter - Downloaded https://repo.maven.apache.org/maven2/org/codehaus/plexus/plexus-utils/3.5.1/plexus-utils-3.5.1.jar
2024-09-24 01:53:40,754 [BasicRepositoryConnector-repo.maven.apache.org-2-1] INFO  o.e.m.c.i.e.AbstractTransferListenerAdapter - Downloading https://repo.maven.apache.org/maven2/org/sonatype/plexus/plexus-build-api/0.0.7/plexus-build-api-0.0.7.jar
2024-09-24 01:53:40,770 [BasicRepositoryConnector-repo.maven.apache.org-2-2] INFO  o.e.m.c.i.e.AbstractTransferListenerAdapter - Downloading https://repo.maven.apache.org/maven2/org/apache/commons/commons-lang3/3.12.0/commons-lang3-3.12.0.jar
2024-09-24 01:53:40,777 [BasicRepositoryConnector-repo.maven.apache.org-2-0] INFO  o.e.m.c.i.e.AbstractTransferListenerAdapter - Downloading https://repo.maven.apache.org/maven2/org/apache/maven/shared/maven-filtering/3.3.1/maven-filtering-3.3.1.jar
2024-09-24 01:53:40,864 [BasicRepositoryConnector-repo.maven.apache.org-2-0] INFO  o.e.m.c.i.e.AbstractTransferListenerAdapter - Downloaded https://repo.maven.apache.org/maven2/org/apache/maven/shared/maven-filtering/3.3.1/maven-filtering-3.3.1.jar
2024-09-24 01:53:40,894 [BasicRepositoryConnector-repo.maven.apache.org-2-2] INFO  o.e.m.c.i.e.AbstractTransferListenerAdapter - Downloaded https://repo.maven.apache.org/maven2/org/apache/commons/commons-lang3/3.12.0/commons-lang3-3.12.0.jar
2024-09-24 01:53:41,249 [BasicRepositoryConnector-repo.maven.apache.org-2-1] INFO  o.e.m.c.i.e.AbstractTransferListenerAdapter - Downloaded https://repo.maven.apache.org/maven2/org/sonatype/plexus/plexus-build-api/0.0.7/plexus-build-api-0.0.7.jar
2024-09-24 01:53:41,347 [Worker-16: Creating maven-archetype-simple] INFO  o.e.m.j.i.AbstractJavaProjectConfigurator - Adding source folder /bptn-java/src/main/java
2024-09-24 01:53:41,351 [Worker-16: Creating maven-archetype-simple] INFO  o.e.m.j.i.AbstractJavaProjectConfigurator - Adding resource folder /bptn-java/src/main/resources
2024-09-24 01:53:41,364 [Worker-16: Creating maven-archetype-simple] INFO  o.e.m.j.i.AbstractJavaProjectConfigurator - Adding source folder /bptn-java/src/test/java
2024-09-24 01:53:41,367 [Worker-16: Creating maven-archetype-simple] INFO  o.e.m.j.i.AbstractJavaProjectConfigurator - Adding resource folder /bptn-java/src/test/resources
2024-09-24 01:53:41,799 [Worker-16: Creating maven-archetype-simple] INFO  o.e.m.c.i.p.ProjectConfigurationManager - Imported and configured 1 project(s) in 23 sec
2024-09-24 01:53:43,501 [Worker-24: Building] INFO  o.a.m.s.f.DefaultMavenResourcesFiltering - skip non existing resourceDirectory C:\Users\USER\Documents\Workspace-obsidi-java\bptn-java\src\main\resources
2024-09-24 01:53:43,508 [Worker-24: Building] INFO  o.a.m.s.f.DefaultMavenResourcesFiltering - skip non existing resourceDirectory C:\Users\USER\Documents\Workspace-obsidi-java\bptn-java\src\test\resources
2024-09-24 02:09:49,086 [Worker-34: Building] INFO  o.a.m.s.f.DefaultMavenResourcesFiltering - skip non existing resourceDirectory C:\Users\USER\Documents\Workspace-obsidi-java\bptn-java\src\main\resources
2024-09-24 02:09:49,094 [Worker-34: Building] INFO  o.a.m.s.f.DefaultMavenResourcesFiltering - skip non existing resourceDirectory C:\Users\USER\Documents\Workspace-obsidi-java\bptn-java\src\test\resources
2024-09-24 02:12:15,965 [Worker-34: Building] INFO  o.a.m.s.f.DefaultMavenResourcesFiltering - skip non existing resourceDirectory C:\Users\USER\Documents\Workspace-obsidi-java\bptn-java\src\main\resources
2024-09-24 02:12:15,974 [Worker-34: Building] INFO  o.a.m.s.f.DefaultMavenResourcesFiltering - skip non existing resourceDirectory C:\Users\USER\Documents\Workspace-obsidi-java\bptn-java\src\test\resources
2024-09-24 02:22:16,184 [Worker-45: Building] INFO  o.a.m.s.f.DefaultMavenResourcesFiltering - skip non existing resourceDirectory C:\Users\USER\Documents\Workspace-obsidi-java\bptn-java\src\main\resources
2024-09-24 02:22:16,193 [Worker-45: Building] INFO  o.a.m.s.f.DefaultMavenResourcesFiltering - skip non existing resourceDirectory C:\Users\USER\Documents\Workspace-obsidi-java\bptn-java\src\test\resources
2024-09-24 08:51:31,847 [Worker-62: Building] INFO  o.a.m.s.f.DefaultMavenResourcesFiltering - skip non existing resourceDirectory C:\Users\USER\Documents\Workspace-obsidi-java\bptn-java\src\main\resources
2024-09-24 08:51:31,866 [Worker-62: Building] INFO  o.a.m.s.f.DefaultMavenResourcesFiltering - skip non existing resourceDirectory C:\Users\USER\Documents\Workspace-obsidi-java\bptn-java\src\test\resources
2024-09-24 08:58:23,530 [Worker-66: Launching VariableOperations] INFO  o.a.m.s.f.DefaultMavenResourcesFiltering - skip non existing resourceDirectory C:\Users\USER\Documents\Workspace-obsidi-java\bptn-java\src\main\resources
2024-09-24 08:58:23,546 [Worker-66: Launching VariableOperations] INFO  o.a.m.s.f.DefaultMavenResourcesFiltering - skip non existing resourceDirectory C:\Users\USER\Documents\Workspace-obsidi-java\bptn-java\src\test\resources
2024-09-24 08:59:09,246 [Worker-67: Launching VariableOperations] INFO  o.a.m.s.f.DefaultMavenResourcesFiltering - skip non existing resourceDirectory C:\Users\USER\Documents\Workspace-obsidi-java\bptn-java\src\main\resources
2024-09-24 08:59:09,254 [Worker-67: Launching VariableOperations] INFO  o.a.m.s.f.DefaultMavenResourcesFiltering - skip non existing resourceDirectory C:\Users\USER\Documents\Workspace-obsidi-java\bptn-java\src\test\resources
2024-09-24 09:01:28,068 [Worker-70: Launching VariableOperations] INFO  o.a.m.s.f.DefaultMavenResourcesFiltering - skip non existing resourceDirectory C:\Users\USER\Documents\Workspace-obsidi-java\bptn-java\src\main\resources
2024-09-24 09:01:28,083 [Worker-70: Launching VariableOperations] INFO  o.a.m.s.f.DefaultMavenResourcesFiltering - skip non existing resourceDirectory C:\Users\USER\Documents\Workspace-obsidi-java\bptn-java\src\test\resources
2024-09-24 09:02:28,199 [Worker-69: Launching VariableOperations] INFO  o.a.m.s.f.DefaultMavenResourcesFiltering - skip non existing resourceDirectory C:\Users\USER\Documents\Workspace-obsidi-java\bptn-java\src\main\resources
2024-09-24 09:02:28,208 [Worker-69: Launching VariableOperations] INFO  o.a.m.s.f.DefaultMavenResourcesFiltering - skip non existing resourceDirectory C:\Users\USER\Documents\Workspace-obsidi-java\bptn-java\src\test\resources
2024-09-24 09:03:28,055 [Worker-70: Launching VariableOperations] INFO  o.a.m.s.f.DefaultMavenResourcesFiltering - skip non existing resourceDirectory C:\Users\USER\Documents\Workspace-obsidi-java\bptn-java\src\main\resources
2024-09-24 09:03:28,066 [Worker-70: Launching VariableOperations] INFO  o.a.m.s.f.DefaultMavenResourcesFiltering - skip non existing resourceDirectory C:\Users\USER\Documents\Workspace-obsidi-java\bptn-java\src\test\resources
2024-09-24 09:04:55,675 [Worker-70: Launching VariableOperations] INFO  o.a.m.s.f.DefaultMavenResourcesFiltering - skip non existing resourceDirectory C:\Users\USER\Documents\Workspace-obsidi-java\bptn-java\src\main\resources
2024-09-24 09:04:55,681 [Worker-70: Launching VariableOperations] INFO  o.a.m.s.f.DefaultMavenResourcesFiltering - skip non existing resourceDirectory C:\Users\USER\Documents\Workspace-obsidi-java\bptn-java\src\test\resources
2024-09-24 09:08:45,036 [Worker-75: Launching VariableOperations] INFO  o.a.m.s.f.DefaultMavenResourcesFiltering - skip non existing resourceDirectory C:\Users\USER\Documents\Workspace-obsidi-java\bptn-java\src\main\resources
2024-09-24 09:08:45,040 [Worker-75: Launching VariableOperations] INFO  o.a.m.s.f.DefaultMavenResourcesFiltering - skip non existing resourceDirectory C:\Users\USER\Documents\Workspace-obsidi-java\bptn-java\src\test\resources
2024-09-24 09:12:04,050 [Worker-79: Launching VariableOperations] INFO  o.a.m.s.f.DefaultMavenResourcesFiltering - skip non existing resourceDirectory C:\Users\USER\Documents\Workspace-obsidi-java\bptn-java\src\main\resources
2024-09-24 09:12:04,059 [Worker-79: Launching VariableOperations] INFO  o.a.m.s.f.DefaultMavenResourcesFiltering - skip non existing resourceDirectory C:\Users\USER\Documents\Workspace-obsidi-java\bptn-java\src\test\resources
2024-09-24 09:14:11,124 [Worker-76: Launching VariableOperations] INFO  o.a.m.s.f.DefaultMavenResourcesFiltering - skip non existing resourceDirectory C:\Users\USER\Documents\Workspace-obsidi-java\bptn-java\src\main\resources
2024-09-24 09:14:11,132 [Worker-76: Launching VariableOperations] INFO  o.a.m.s.f.DefaultMavenResourcesFiltering - skip non existing resourceDirectory C:\Users\USER\Documents\Workspace-obsidi-java\bptn-java\src\test\resources
2024-09-24 09:16:42,063 [Worker-79: Launching VariableOperations] INFO  o.a.m.s.f.DefaultMavenResourcesFiltering - skip non existing resourceDirectory C:\Users\USER\Documents\Workspace-obsidi-java\bptn-java\src\main\resources
2024-09-24 09:16:42,075 [Worker-79: Launching VariableOperations] INFO  o.a.m.s.f.DefaultMavenResourcesFiltering - skip non existing resourceDirectory C:\Users\USER\Documents\Workspace-obsidi-java\bptn-java\src\test\resources
2024-09-24 09:19:02,456 [Worker-78: Launching VariableOperations] INFO  o.a.m.s.f.DefaultMavenResourcesFiltering - skip non existing resourceDirectory C:\Users\USER\Documents\Workspace-obsidi-java\bptn-java\src\main\resources
2024-09-24 09:19:02,463 [Worker-78: Launching VariableOperations] INFO  o.a.m.s.f.DefaultMavenResourcesFiltering - skip non existing resourceDirectory C:\Users\USER\Documents\Workspace-obsidi-java\bptn-java\src\test\resources
2024-09-24 09:19:36,164 [Worker-79: Launching VariableOperations] INFO  o.a.m.s.f.DefaultMavenResourcesFiltering - skip non existing resourceDirectory C:\Users\USER\Documents\Workspace-obsidi-java\bptn-java\src\main\resources
2024-09-24 09:19:36,174 [Worker-79: Launching VariableOperations] INFO  o.a.m.s.f.DefaultMavenResourcesFiltering - skip non existing resourceDirectory C:\Users\USER\Documents\Workspace-obsidi-java\bptn-java\src\test\resources
2024-09-24 09:22:16,675 [Worker-82: Launching VariableOperations] INFO  o.a.m.s.f.DefaultMavenResourcesFiltering - skip non existing resourceDirectory C:\Users\USER\Documents\Workspace-obsidi-java\bptn-java\src\main\resources
2024-09-24 09:22:16,683 [Worker-82: Launching VariableOperations] INFO  o.a.m.s.f.DefaultMavenResourcesFiltering - skip non existing resourceDirectory C:\Users\USER\Documents\Workspace-obsidi-java\bptn-java\src\test\resources
2024-09-24 13:37:39,270 [Worker-107: Building] INFO  o.a.m.s.f.DefaultMavenResourcesFiltering - skip non existing resourceDirectory C:\Users\USER\Documents\Workspace-obsidi-java\bptn-java\src\main\resources
2024-09-24 13:37:39,300 [Worker-107: Building] INFO  o.a.m.s.f.DefaultMavenResourcesFiltering - skip non existing resourceDirectory C:\Users\USER\Documents\Workspace-obsidi-java\bptn-java\src\test\resources
2024-09-24 13:42:49,879 [Worker-110: Building] INFO  o.a.m.s.f.DefaultMavenResourcesFiltering - skip non existing resourceDirectory C:\Users\USER\Documents\Workspace-obsidi-java\bptn-java\src\main\resources
2024-09-24 13:42:49,886 [Worker-110: Building] INFO  o.a.m.s.f.DefaultMavenResourcesFiltering - skip non existing resourceDirectory C:\Users\USER\Documents\Workspace-obsidi-java\bptn-java\src\test\resources
2024-09-24 13:43:17,080 [Worker-111: Building] INFO  o.a.m.s.f.DefaultMavenResourcesFiltering - skip non existing resourceDirectory C:\Users\USER\Documents\Workspace-obsidi-java\bptn-java\src\main\resources
2024-09-24 13:43:17,086 [Worker-111: Building] INFO  o.a.m.s.f.DefaultMavenResourcesFiltering - skip non existing resourceDirectory C:\Users\USER\Documents\Workspace-obsidi-java\bptn-java\src\test\resources
2024-09-24 13:50:26,649 [Worker-113: Launching scan] INFO  o.a.m.s.f.DefaultMavenResourcesFiltering - skip non existing resourceDirectory C:\Users\USER\Documents\Workspace-obsidi-java\bptn-java\src\main\resources
2024-09-24 13:50:26,654 [Worker-113: Launching scan] INFO  o.a.m.s.f.DefaultMavenResourcesFiltering - skip non existing resourceDirectory C:\Users\USER\Documents\Workspace-obsidi-java\bptn-java\src\test\resources
2024-09-24 13:51:28,169 [Worker-111: Launching scan] INFO  o.a.m.s.f.DefaultMavenResourcesFiltering - skip non existing resourceDirectory C:\Users\USER\Documents\Workspace-obsidi-java\bptn-java\src\main\resources
2024-09-24 13:51:28,177 [Worker-111: Launching scan] INFO  o.a.m.s.f.DefaultMavenResourcesFiltering - skip non existing resourceDirectory C:\Users\USER\Documents\Workspace-obsidi-java\bptn-java\src\test\resources
2024-09-24 13:51:59,618 [Worker-116: Launching scan] INFO  o.a.m.s.f.DefaultMavenResourcesFiltering - skip non existing resourceDirectory C:\Users\USER\Documents\Workspace-obsidi-java\bptn-java\src\main\resources
2024-09-24 13:51:59,624 [Worker-116: Launching scan] INFO  o.a.m.s.f.DefaultMavenResourcesFiltering - skip non existing resourceDirectory C:\Users\USER\Documents\Workspace-obsidi-java\bptn-java\src\test\resources
2024-09-24 13:52:30,583 [Worker-113: Launching scan] INFO  o.a.m.s.f.DefaultMavenResourcesFiltering - skip non existing resourceDirectory C:\Users\USER\Documents\Workspace-obsidi-java\bptn-java\src\main\resources
2024-09-24 13:52:30,591 [Worker-113: Launching scan] INFO  o.a.m.s.f.DefaultMavenResourcesFiltering - skip non existing resourceDirectory C:\Users\USER\Documents\Workspace-obsidi-java\bptn-java\src\test\resources
2024-09-24 13:53:08,884 [Worker-113: Launching scan] INFO  o.a.m.s.f.DefaultMavenResourcesFiltering - skip non existing resourceDirectory C:\Users\USER\Documents\Workspace-obsidi-java\bptn-java\src\main\resources
2024-09-24 13:53:08,893 [Worker-113: Launching scan] INFO  o.a.m.s.f.DefaultMavenResourcesFiltering - skip non existing resourceDirectory C:\Users\USER\Documents\Workspace-obsidi-java\bptn-java\src\test\resources
2024-09-24 13:54:11,041 [Worker-114: Launching scan] INFO  o.a.m.s.f.DefaultMavenResourcesFiltering - skip non existing resourceDirectory C:\Users\USER\Documents\Workspace-obsidi-java\bptn-java\src\main\resources
2024-09-24 13:54:11,049 [Worker-114: Launching scan] INFO  o.a.m.s.f.DefaultMavenResourcesFiltering - skip non existing resourceDirectory C:\Users\USER\Documents\Workspace-obsidi-java\bptn-java\src\test\resources
2024-09-24 13:58:23,017 [Worker-109: Launching scan] INFO  o.a.m.s.f.DefaultMavenResourcesFiltering - skip non existing resourceDirectory C:\Users\USER\Documents\Workspace-obsidi-java\bptn-java\src\main\resources
2024-09-24 13:58:23,025 [Worker-109: Launching scan] INFO  o.a.m.s.f.DefaultMavenResourcesFiltering - skip non existing resourceDirectory C:\Users\USER\Documents\Workspace-obsidi-java\bptn-java\src\test\resources
2024-09-24 14:13:03,447 [Worker-124: Building] INFO  o.e.m.c.i.l.LifecycleMappingFactory - Using org.eclipse.m2e.jdt.JarLifecycleMapping lifecycle mapping for MavenProject: com.bptn:bptn-java:0.0.1-SNAPSHOT @ C:\Users\USER\Documents\Workspace-obsidi-java\bptn-java\pom.xml.
2024-09-24 14:13:05,188 [Worker-124: Building] INFO  o.a.m.s.f.DefaultMavenResourcesFiltering - skip non existing resourceDirectory C:\Users\USER\Documents\Workspace-obsidi-java\bptn-java\src\main\resources
2024-09-24 14:13:05,196 [Worker-124: Building] INFO  o.a.m.s.f.DefaultMavenResourcesFiltering - skip non existing resourceDirectory C:\Users\USER\Documents\Workspace-obsidi-java\bptn-java\src\test\resources
2024-09-24 14:13:15,712 [Worker-126: Updating Maven Project] INFO  o.e.m.c.i.p.ProjectConfigurationManager - Update started
2024-09-24 14:13:15,893 [Worker-126: Updating Maven Project] INFO  o.e.m.c.i.l.LifecycleMappingFactory - Using org.eclipse.m2e.jdt.JarLifecycleMapping lifecycle mapping for MavenProject: com.bptn:bptn-java:0.0.1-SNAPSHOT @ C:\Users\USER\Documents\Workspace-obsidi-java\bptn-java\pom.xml.
2024-09-24 14:13:16,043 [Worker-126: Updating Maven Project] INFO  o.e.m.j.i.AbstractJavaProjectConfigurator - Adding source folder /bptn-java/src/main/java
2024-09-24 14:13:16,047 [Worker-126: Updating Maven Project] INFO  o.e.m.j.i.AbstractJavaProjectConfigurator - Adding resource folder /bptn-java/src/main/resources
2024-09-24 14:13:16,051 [Worker-126: Updating Maven Project] INFO  o.e.m.j.i.AbstractJavaProjectConfigurator - Adding source folder /bptn-java/src/test/java
2024-09-24 14:13:16,058 [Worker-126: Updating Maven Project] INFO  o.e.m.j.i.AbstractJavaProjectConfigurator - Adding resource folder /bptn-java/src/test/resources
2024-09-24 14:13:16,842 [Worker-126: Updating Maven Project] INFO  o.e.m.c.i.p.ProjectConfigurationManager - Update completed for 1 poms: local refresh takes 0.00 sec, refresh facades takes 0.00 sec, update config takes 0.00 sec 
2024-09-24 14:13:17,647 [Worker-126: Building] INFO  o.a.m.s.f.DefaultMavenResourcesFiltering - skip non existing resourceDirectory C:\Users\USER\Documents\Workspace-obsidi-java\bptn-java\src\main\resources
2024-09-24 14:13:17,664 [Worker-126: Building] INFO  o.a.m.s.f.DefaultMavenResourcesFiltering - skip non existing resourceDirectory C:\Users\USER\Documents\Workspace-obsidi-java\bptn-java\src\test\resources
2024-09-24 14:14:48,438 [Worker-130: Building] INFO  o.a.m.s.f.DefaultMavenResourcesFiltering - skip non existing resourceDirectory C:\Users\USER\Documents\Workspace-obsidi-java\bptn-java\src\main\resources
2024-09-24 14:14:48,448 [Worker-130: Building] INFO  o.a.m.s.f.DefaultMavenResourcesFiltering - skip non existing resourceDirectory C:\Users\USER\Documents\Workspace-obsidi-java\bptn-java\src\test\resources
2024-09-24 14:30:47,455 [Worker-124: Building] INFO  o.a.m.s.f.DefaultMavenResourcesFiltering - skip non existing resourceDirectory C:\Users\USER\Documents\Workspace-obsidi-java\bptn-java\src\main\resources
2024-09-24 14:30:47,470 [Worker-124: Building] INFO  o.a.m.s.f.DefaultMavenResourcesFiltering - skip non existing resourceDirectory C:\Users\USER\Documents\Workspace-obsidi-java\bptn-java\src\test\resources
2024-09-24 14:36:50,534 [Worker-133: Launching Scan] INFO  o.a.m.s.f.DefaultMavenResourcesFiltering - skip non existing resourceDirectory C:\Users\USER\Documents\Workspace-obsidi-java\bptn-java\src\main\resources
2024-09-24 14:36:50,541 [Worker-133: Launching Scan] INFO  o.a.m.s.f.DefaultMavenResourcesFiltering - skip non existing resourceDirectory C:\Users\USER\Documents\Workspace-obsidi-java\bptn-java\src\test\resources
2024-09-24 16:43:55,207 [Worker-150: Building] INFO  o.a.m.s.f.DefaultMavenResourcesFiltering - skip non existing resourceDirectory C:\Users\USER\Documents\Workspace-obsidi-java\bptn-java\src\main\resources
2024-09-24 16:43:55,245 [Worker-150: Building] INFO  o.a.m.s.f.DefaultMavenResourcesFiltering - skip non existing resourceDirectory C:\Users\USER\Documents\Workspace-obsidi-java\bptn-java\src\test\resources
2024-09-24 16:46:20,795 [Worker-1: Loading available Gradle versions] INFO  o.e.b.c.i.u.g.PublishedGradleVersions - Gradle version information cache is out-of-date. Trying to update.
2024-09-25 01:40:51,060 [Worker-41: Building] INFO  o.a.m.s.f.DefaultMavenResourcesFiltering - skip non existing resourceDirectory C:\Users\USER\Documents\Workspace-obsidi-java\bptn-java\src\main\resources
2024-09-25 01:40:51,078 [Worker-41: Building] INFO  o.a.m.s.f.DefaultMavenResourcesFiltering - skip non existing resourceDirectory C:\Users\USER\Documents\Workspace-obsidi-java\bptn-java\src\test\resources
2024-09-25 01:44:37,458 [Worker-48: Building] INFO  o.a.m.s.f.DefaultMavenResourcesFiltering - skip non existing resourceDirectory C:\Users\USER\Documents\Workspace-obsidi-java\bptn-java\src\main\resources
2024-09-25 01:44:37,465 [Worker-48: Building] INFO  o.a.m.s.f.DefaultMavenResourcesFiltering - skip non existing resourceDirectory C:\Users\USER\Documents\Workspace-obsidi-java\bptn-java\src\test\resources
2024-09-25 01:45:05,481 [Worker-45: Building] INFO  o.a.m.s.f.DefaultMavenResourcesFiltering - skip non existing resourceDirectory C:\Users\USER\Documents\Workspace-obsidi-java\bptn-java\src\main\resources
2024-09-25 01:45:05,487 [Worker-45: Building] INFO  o.a.m.s.f.DefaultMavenResourcesFiltering - skip non existing resourceDirectory C:\Users\USER\Documents\Workspace-obsidi-java\bptn-java\src\test\resources
2024-09-25 01:47:08,262 [Worker-48: Building] INFO  o.a.m.s.f.DefaultMavenResourcesFiltering - skip non existing resourceDirectory C:\Users\USER\Documents\Workspace-obsidi-java\bptn-java\src\main\resources
2024-09-25 01:47:08,272 [Worker-48: Building] INFO  o.a.m.s.f.DefaultMavenResourcesFiltering - skip non existing resourceDirectory C:\Users\USER\Documents\Workspace-obsidi-java\bptn-java\src\test\resources
2024-09-25 01:53:21,417 [Worker-42: Building] INFO  o.a.m.s.f.DefaultMavenResourcesFiltering - skip non existing resourceDirectory C:\Users\USER\Documents\Workspace-obsidi-java\bptn-java\src\main\resources
2024-09-25 01:53:21,423 [Worker-42: Building] INFO  o.a.m.s.f.DefaultMavenResourcesFiltering - skip non existing resourceDirectory C:\Users\USER\Documents\Workspace-obsidi-java\bptn-java\src\test\resources
2024-09-25 01:53:55,893 [Worker-45: Building] INFO  o.a.m.s.f.DefaultMavenResourcesFiltering - skip non existing resourceDirectory C:\Users\USER\Documents\Workspace-obsidi-java\bptn-java\src\main\resources
2024-09-25 01:53:55,900 [Worker-45: Building] INFO  o.a.m.s.f.DefaultMavenResourcesFiltering - skip non existing resourceDirectory C:\Users\USER\Documents\Workspace-obsidi-java\bptn-java\src\test\resources
2024-09-25 02:09:56,120 [Worker-52: Building] INFO  o.a.m.s.f.DefaultMavenResourcesFiltering - skip non existing resourceDirectory C:\Users\USER\Documents\Workspace-obsidi-java\bptn-java\src\main\resources
2024-09-25 02:09:56,133 [Worker-52: Building] INFO  o.a.m.s.f.DefaultMavenResourcesFiltering - skip non existing resourceDirectory C:\Users\USER\Documents\Workspace-obsidi-java\bptn-java\src\test\resources
2024-09-25 02:12:25,569 [Worker-53: Launching Factorial] INFO  o.a.m.s.f.DefaultMavenResourcesFiltering - skip non existing resourceDirectory C:\Users\USER\Documents\Workspace-obsidi-java\bptn-java\src\main\resources
2024-09-25 02:12:25,578 [Worker-53: Launching Factorial] INFO  o.a.m.s.f.DefaultMavenResourcesFiltering - skip non existing resourceDirectory C:\Users\USER\Documents\Workspace-obsidi-java\bptn-java\src\test\resources
